SF:lib\data\providers\auth_providers.dart
DA:6,10
DA:7,1
DA:11,8
DA:12,4
DA:14,6
DA:18,4
DA:19,2
DA:21,1
DA:22,1
DA:23,1
DA:24,0
DA:29,4
DA:30,2
DA:31,1
DA:43,8
DA:44,4
DA:46,2
DA:47,1
DA:48,1
DA:49,2
DA:54,4
DA:55,3
DA:62,1
DA:65,1
DA:70,2
DA:78,1
DA:82,2
DA:89,1
DA:90,2
DA:94,1
DA:95,2
DA:99,1
DA:100,2
DA:104,1
DA:108,2
LF:35
LH:34
end_of_record
SF:lib\infrastructure\services\auth_service.dart
DA:7,10
DA:9,5
DA:14,3
DA:17,3
DA:20,2
DA:23,1
DA:29,2
DA:32,0
DA:42,1
DA:47,2
DA:59,1
DA:61,2
DA:74,1
DA:76,2
DA:83,1
DA:85,2
DA:95,1
DA:100,2
DA:101,0
DA:102,0
DA:103,0
DA:104,0
DA:116,3
DA:119,1
DA:120,2
DA:123,0
DA:124,0
DA:128,1
DA:130,2
LF:29
LH:22
end_of_record
SF:lib\core\config\app_config.dart
DA:7,6
DA:9,3
DA:12,2
DA:15,4
DA:18,2
DA:20,2
DA:22,0
DA:23,0
DA:28,2
DA:29,2
DA:30,2
DA:32,4
DA:33,18
DA:34,0
DA:38,2
DA:39,0
DA:40,0
DA:41,0
DA:48,3
DA:49,10
DA:50,2
DA:51,0
DA:57,3
DA:58,10
DA:59,2
DA:60,0
DA:66,8
DA:69,6
DA:72,0
DA:75,0
DA:78,0
DA:79,0
DA:80,0
DA:81,0
DA:82,0
DA:83,0
DA:84,0
DA:88,0
DA:89,0
DA:90,0
DA:97,0
DA:99,0
DA:100,0
LF:43
LH:20
end_of_record
SF:lib\infrastructure\services\supabase_service.dart
DA:8,10
DA:10,5
DA:13,1
DA:15,1
DA:17,1
DA:18,1
DA:19,1
DA:20,1
DA:23,0
DA:24,0
DA:25,0
DA:26,0
DA:29,2
DA:35,4
DA:38,4
DA:41,0
DA:44,2
DA:47,2
LF:18
LH:13
end_of_record
SF:lib\domain\models\core\entities\custom_list.dart
DA:42,20
DA:51,20
DA:54,20
DA:55,60
DA:56,1
DA:58,60
DA:59,1
DA:61,60
DA:62,1
DA:65,31
DA:66,22
DA:67,1
DA:73,6
DA:82,6
DA:83,6
DA:84,3
DA:85,6
DA:86,5
DA:87,5
DA:88,6
DA:89,3
DA:94,1
DA:96,6
DA:100,1
DA:101,3
DA:102,1
DA:107,1
DA:108,6
DA:110,4
DA:115,1
DA:117,1
DA:122,1
DA:123,6
DA:125,2
DA:130,2
DA:131,1
DA:133,1
DA:135,1
DA:140,5
DA:141,23
DA:145,1
DA:146,5
DA:150,2
DA:151,4
DA:152,10
DA:156,3
DA:159,3
DA:162,3
DA:165,3
DA:168,8
DA:171,1
DA:172,2
DA:173,5
DA:178,1
DA:179,2
DA:180,5
DA:185,1
DA:186,6
DA:190,1
DA:192,1
DA:193,6
DA:194,1
DA:195,8
DA:196,0
DA:197,0
DA:199,0
DA:204,1
DA:205,1
DA:206,3
DA:207,3
DA:208,1
DA:212,0
DA:213,0
DA:214,0
DA:217,0
DA:218,0
DA:219,0
DA:220,0
DA:222,0
DA:226,0
DA:231,3
DA:232,3
DA:233,3
DA:234,3
DA:235,6
DA:236,3
DA:237,13
DA:238,6
DA:239,6
DA:244,3
DA:245,3
DA:246,3
DA:247,3
DA:248,3
DA:249,12
DA:250,1
DA:252,3
DA:253,3
DA:254,6
DA:255,4
DA:256,6
DA:257,6
DA:262,4
DA:265,4
DA:266,12
DA:267,9
DA:268,9
DA:269,9
DA:270,9
DA:271,6
DA:272,6
DA:276,1
DA:278,1
DA:279,1
DA:280,1
DA:281,1
DA:282,1
DA:283,2
DA:284,1
DA:285,1
DA:290,1
DA:292,3
DA:293,6
DA:298,1
DA:299,1
DA:302,1
DA:303,1
LF:127
LH:115
end_of_record
SF:lib\domain\models\core\entities\custom_list.g.dart
DA:13,0
DA:15,0
DA:16,0
DA:17,0
DA:19,0
DA:20,0
DA:21,0
DA:22,0
DA:23,0
DA:24,0
DA:25,0
DA:26,0
DA:30,0
DA:33,0
DA:34,0
DA:35,0
DA:36,0
DA:37,0
DA:38,0
DA:39,0
DA:40,0
DA:41,0
DA:42,0
DA:43,0
DA:44,0
DA:45,0
DA:46,0
DA:47,0
DA:50,0
DA:51,0
DA:53,0
DA:56,0
DA:57,0
DA:58,0
LF:34
LH:0
end_of_record
SF:lib\data\providers\list_providers.dart
DA:17,46
DA:27,0
DA:36,0
DA:37,0
DA:38,0
DA:39,0
DA:40,0
DA:41,0
DA:42,0
DA:43,0
DA:47,0
DA:50,0
DA:51,0
DA:52,0
DA:53,0
DA:54,0
DA:55,0
DA:56,0
DA:57,0
DA:60,0
DA:62,0
DA:63,0
DA:64,0
DA:65,0
DA:66,0
DA:67,0
DA:68,0
DA:69,0
DA:84,1
DA:94,1
DA:103,1
DA:104,1
DA:105,1
DA:106,1
DA:107,1
DA:108,1
DA:109,1
DA:110,1
DA:120,1
DA:121,1
DA:122,3
DA:125,1
DA:126,2
DA:128,3
DA:131,3
DA:132,1
DA:134,1
DA:136,0
DA:138,0
DA:144,0
DA:145,0
DA:147,0
DA:148,0
DA:152,1
DA:153,1
DA:155,3
DA:159,1
DA:162,1
DA:166,1
DA:167,5
DA:168,3
DA:172,1
DA:173,1
DA:176,2
DA:177,0
DA:178,0
DA:179,0
DA:180,0
DA:181,0
DA:185,1
DA:186,0
DA:190,1
DA:191,0
DA:192,0
DA:194,1
DA:197,2
DA:198,0
DA:202,2
DA:208,0
DA:210,0
DA:211,0
DA:212,0
DA:213,0
DA:214,0
DA:215,0
DA:216,0
DA:217,0
DA:218,0
DA:219,0
DA:226,1
DA:228,1
DA:229,0
DA:231,1
DA:232,0
DA:234,1
DA:235,1
DA:237,0
DA:238,0
DA:240,0
DA:241,0
DA:243,0
DA:244,0
DA:246,0
DA:247,0
DA:249,0
DA:250,0
DA:252,0
DA:253,0
DA:255,0
DA:256,0
DA:259,0
DA:264,1
DA:265,1
DA:266,1
DA:267,1
DA:273,1
DA:278,0
DA:279,0
DA:280,0
DA:281,0
DA:284,0
DA:285,0
DA:286,0
DA:287,0
DA:289,0
DA:290,0
DA:291,0
DA:292,0
DA:294,0
DA:303,0
DA:304,0
DA:314,1
DA:316,2
DA:317,1
DA:326,4
DA:327,1
DA:331,4
DA:332,3
DA:336,4
DA:337,3
DA:341,4
DA:342,3
DA:351,4
DA:352,3
DA:354,4
DA:355,3
DA:356,1
DA:358,3
DA:363,4
DA:364,2
DA:365,2
DA:370,4
DA:371,2
DA:372,2
DA:377,4
DA:378,2
DA:379,1
DA:381,1
DA:382,1
DA:383,0
DA:384,0
DA:385,1
DA:395,0
DA:396,0
DA:397,0
DA:398,0
DA:403,0
DA:404,0
DA:405,0
DA:406,0
DA:411,0
DA:412,0
DA:413,0
DA:414,0
DA:419,0
DA:420,0
DA:421,0
DA:422,0
DA:427,0
DA:428,0
DA:429,0
DA:430,0
DA:435,0
DA:436,0
DA:437,0
DA:438,0
LF:186
LH:75
end_of_record
SF:lib\data\providers\repository_providers.dart
DA:14,31
DA:15,7
DA:18,7
DA:27,32
DA:28,16
DA:31,8
DA:32,1
DA:33,16
DA:34,0
DA:41,0
DA:42,0
DA:49,32
DA:50,8
DA:54,0
DA:55,0
DA:59,0
DA:61,0
DA:66,0
DA:67,0
DA:73,0
DA:74,0
DA:78,0
DA:81,0
DA:82,0
DA:83,0
DA:84,0
DA:85,0
DA:91,0
DA:92,0
DA:104,0
LF:30
LH:10
end_of_record
SF:lib\data\repositories\custom_list_repository.dart
DA:24,0
DA:25,0
DA:27,0
DA:28,0
DA:30,0
DA:31,0
DA:33,0
DA:34,0
DA:36,0
DA:37,0
DA:40,0
DA:41,0
DA:43,0
DA:44,0
DA:47,0
DA:48,0
DA:51,0
DA:52,0
DA:54,7
DA:56,21
DA:59,1
DA:61,2
DA:64,7
DA:66,7
DA:67,21
DA:70,4
DA:72,12
DA:76,4
DA:77,12
DA:80,4
DA:82,8
DA:85,2
DA:87,14
DA:90,1
DA:92,1
DA:93,2
DA:94,5
DA:95,1
DA:98,0
DA:100,0
DA:101,0
DA:102,0
DA:103,0
DA:106,1
DA:108,2
DA:111,7
DA:113,14
DA:114,0
DA:118,21
DA:119,0
DA:123,21
DA:124,0
DA:128,21
DA:129,0
LF:54
LH:27
end_of_record
SF:lib\data\repositories\list_item_repository.dart
DA:28,1
DA:30,2
DA:33,1
DA:35,5
DA:38,2
DA:40,8
DA:41,1
DA:43,4
DA:47,2
DA:49,8
DA:50,4
DA:51,2
DA:53,2
DA:57,2
DA:59,7
DA:62,0
DA:64,0
DA:69,1
DA:70,2
DA:71,1
LF:20
LH:18
end_of_record
SF:lib\domain\models\core\enums\list_enums.g.dart
DA:13,0
DA:15,0
DA:16,0
DA:18,0
DA:20,0
DA:22,0
DA:24,0
DA:26,0
DA:28,0
DA:35,0
DA:38,0
DA:39,0
DA:41,0
DA:42,0
DA:44,0
DA:45,0
DA:47,0
DA:48,0
DA:50,0
DA:51,0
DA:53,0
DA:54,0
DA:56,0
DA:57,0
DA:62,0
DA:63,0
DA:65,0
DA:68,0
DA:69,0
DA:70,0
LF:30
LH:0
end_of_record
SF:lib\domain\models\core\enums\list_enums.dart
DA:40,4
DA:42,4
DA:44,4
DA:46,3
DA:48,3
DA:50,2
DA:52,2
DA:54,2
DA:60,1
DA:62,1
DA:64,1
DA:66,1
DA:68,1
DA:70,1
DA:72,1
DA:74,1
DA:80,1
DA:82,1
DA:84,1
DA:86,1
DA:88,1
DA:90,1
DA:92,1
DA:94,1
DA:100,2
DA:102,2
DA:104,2
DA:106,2
DA:108,2
DA:110,1
DA:112,1
DA:114,1
LF:32
LH:32
end_of_record
SF:lib\domain\services\core\lists_filter_service.dart
DA:30,7
DA:40,7
DA:45,7
DA:46,0
DA:50,7
DA:56,7
DA:62,7
DA:63,14
DA:67,7
DA:77,7
DA:83,7
DA:89,7
DA:90,7
DA:91,7
DA:95,7
DA:103,12
DA:104,5
DA:108,7
DA:112,5
DA:120,5
DA:121,5
DA:122,5
DA:123,5
DA:127,5
DA:128,5
DA:130,1
DA:131,1
DA:135,1
DA:136,3
DA:137,1
DA:138,2
DA:144,1
DA:145,1
DA:146,0
DA:147,0
DA:151,5
DA:152,2
DA:156,5
DA:157,5
DA:158,5
DA:167,5
DA:170,0
DA:171,0
DA:173,0
DA:177,0
DA:179,0
DA:180,0
DA:181,0
DA:182,0
DA:183,0
DA:184,0
DA:185,0
DA:186,0
DA:193,7
DA:194,7
DA:197,7
DA:198,19
DA:200,0
DA:201,0
DA:203,0
DA:204,0
DA:206,0
DA:207,0
DA:209,0
DA:210,0
DA:212,0
DA:213,0
DA:215,0
DA:216,0
DA:218,0
DA:219,0
DA:227,5
DA:228,15
DA:229,12
DA:232,11
DA:233,15
DA:239,7
DA:248,7
DA:250,1
DA:254,7
DA:255,7
DA:256,7
DA:260,0
DA:261,0
DA:262,0
DA:263,0
DA:267,0
DA:268,0
DA:269,0
DA:270,0
DA:274,0
DA:275,0
DA:279,1
DA:280,1
DA:281,2
DA:282,2
LF:96
LH:57
end_of_record
SF:lib\data\repositories\hive_custom_list_repository.dart
DA:18,0
DA:19,0
DA:21,0
DA:22,0
DA:24,0
DA:25,0
DA:27,0
DA:28,0
DA:30,0
DA:31,0
DA:34,0
DA:35,0
DA:37,0
DA:38,0
DA:41,0
DA:42,0
DA:45,0
DA:46,0
DA:49,8
DA:50,8
DA:53,18
DA:54,2
DA:56,0
DA:65,2
DA:66,2
DA:67,2
DA:74,1
DA:76,1
DA:79,3
DA:82,1
DA:85,0
DA:93,1
DA:95,1
DA:98,2
DA:100,0
DA:104,0
DA:106,0
DA:107,0
DA:110,0
DA:112,0
DA:116,0
DA:118,0
DA:120,0
DA:121,0
DA:124,0
DA:127,0
DA:129,0
DA:133,0
DA:135,0
DA:138,0
DA:140,0
DA:144,0
DA:146,0
DA:147,0
DA:150,0
DA:152,0
DA:153,0
DA:155,0
DA:156,0
DA:159,0
DA:161,0
DA:162,0
DA:164,0
DA:165,0
DA:168,1
DA:170,1
DA:173,2
DA:175,0
DA:180,1
DA:181,3
DA:182,2
DA:183,1
DA:188,0
DA:190,0
DA:191,0
DA:195,0
DA:196,0
DA:200,0
DA:201,0
DA:205,0
DA:206,0
DA:211,0
DA:212,0
DA:214,0
DA:215,0
DA:216,0
DA:217,0
DA:218,0
DA:219,0
DA:224,0
DA:225,0
DA:228,0
DA:230,0
LF:93
LH:21
end_of_record
SF:lib\data\repositories\supabase\supabase_custom_list_repository.dart
DA:14,0
DA:15,0
DA:17,0
DA:18,0
DA:20,0
DA:21,0
DA:23,0
DA:24,0
DA:26,0
DA:27,0
DA:29,0
DA:32,0
DA:34,0
DA:35,0
DA:36,0
DA:37,0
DA:38,0
DA:39,0
DA:41,0
DA:43,0
DA:47,0
DA:50,0
DA:52,0
DA:53,0
DA:54,0
DA:55,0
DA:56,0
DA:57,0
DA:58,0
DA:60,0
DA:62,0
DA:66,0
DA:69,0
DA:71,0
DA:72,0
DA:73,0
DA:74,0
DA:75,0
DA:77,0
DA:78,0
DA:79,0
DA:81,0
DA:85,0
DA:88,0
DA:90,0
DA:91,0
DA:93,0
DA:94,0
DA:95,0
DA:96,0
DA:97,0
DA:99,0
DA:103,0
DA:106,0
DA:109,0
DA:110,0
DA:111,0
DA:113,0
DA:115,0
DA:116,0
DA:118,0
DA:122,0
DA:124,0
DA:126,0
DA:127,0
DA:128,0
DA:129,0
DA:130,0
DA:131,0
DA:132,0
DA:134,0
DA:136,0
DA:143,0
DA:148,0
DA:149,0
DA:150,0
DA:153,0
DA:154,0
DA:155,0
DA:156,0
DA:157,0
DA:158,0
DA:159,0
DA:160,0
DA:161,0
DA:165,0
DA:167,0
DA:169,0
DA:170,0
DA:171,0
DA:172,0
DA:173,0
DA:175,0
DA:176,0
DA:177,0
DA:178,0
DA:183,0
LF:97
LH:0
end_of_record
SF:lib\data\repositories\supabase\supabase_list_item_repository.dart
DA:13,0
DA:16,0
DA:18,0
DA:19,0
DA:20,0
DA:21,0
DA:22,0
DA:23,0
DA:25,0
DA:27,0
DA:31,0
DA:34,0
DA:36,0
DA:37,0
DA:38,0
DA:39,0
DA:40,0
DA:41,0
DA:42,0
DA:44,0
DA:46,0
DA:50,0
DA:53,0
DA:55,0
DA:56,0
DA:57,0
DA:58,0
DA:59,0
DA:61,0
DA:62,0
DA:63,0
DA:67,0
DA:71,0
DA:74,0
DA:76,0
DA:77,0
DA:79,0
DA:80,0
DA:81,0
DA:82,0
DA:83,0
DA:87,0
DA:91,0
DA:94,0
DA:97,0
DA:98,0
DA:99,0
DA:101,0
DA:103,0
DA:104,0
DA:106,0
DA:110,0
DA:113,0
DA:115,0
DA:116,0
DA:117,0
DA:118,0
DA:119,0
DA:120,0
DA:121,0
DA:123,0
DA:125,0
DA:132,0
DA:133,0
DA:134,0
DA:137,0
DA:138,0
DA:139,0
DA:140,0
DA:141,0
DA:142,0
DA:143,0
DA:144,0
DA:145,0
DA:146,0
DA:150,0
DA:152,0
DA:154,0
DA:155,0
DA:156,0
DA:157,0
DA:158,0
DA:159,0
DA:162,0
DA:165,0
DA:166,0
DA:167,0
DA:168,0
DA:170,0
DA:173,0
DA:176,0
DA:177,0
DA:181,0
DA:186,0
DA:187,0
DA:188,0
DA:189,0
DA:190,0
DA:191,0
DA:192,0
DA:193,0
DA:194,0
DA:195,0
DA:196,0
DA:197,0
DA:202,0
DA:203,0
DA:204,0
DA:205,0
DA:206,0
DA:207,0
DA:208,0
DA:209,0
DA:210,0
DA:211,0
DA:212,0
DA:214,0
DA:215,0
DA:217,0
DA:218,0
LF:120
LH:0
end_of_record
SF:lib\data\repositories\interfaces\repository_interfaces.dart
DA:56,0
DA:57,0
DA:59,0
DA:60,0
DA:62,0
DA:63,0
DA:65,0
DA:66,0
DA:68,0
DA:69,0
DA:92,0
DA:93,0
DA:96,0
DA:97,0
DA:111,0
DA:112,0
DA:123,0
DA:124,0
LF:18
LH:0
end_of_record
SF:lib\domain\services\core\error_handling_service.dart
DA:15,10
DA:18,10
DA:19,10
DA:20,10
DA:21,10
DA:32,0
DA:35,0
DA:38,0
DA:42,0
DA:44,0
DA:47,0
DA:51,1
DA:53,1
DA:60,0
DA:62,0
DA:75,0
DA:76,0
DA:77,0
DA:79,0
DA:80,0
LF:20
LH:7
end_of_record
SF:lib\domain\models\core\entities\list_item.g.dart
DA:13,0
DA:15,0
DA:16,0
DA:17,0
DA:19,0
DA:20,0
DA:21,0
DA:22,0
DA:23,0
DA:24,0
DA:25,0
DA:26,0
DA:27,0
DA:28,0
DA:29,0
DA:30,0
DA:31,0
DA:35,0
DA:38,0
DA:39,0
DA:40,0
DA:41,0
DA:42,0
DA:43,0
DA:44,0
DA:45,0
DA:46,0
DA:47,0
DA:48,0
DA:49,0
DA:50,0
DA:51,0
DA:52,0
DA:53,0
DA:54,0
DA:55,0
DA:56,0
DA:57,0
DA:58,0
DA:59,0
DA:60,0
DA:61,0
DA:62,0
DA:65,0
DA:66,0
DA:68,0
DA:71,0
DA:72,0
DA:73,0
LF:49
LH:0
end_of_record
SF:lib\domain\models\core\entities\list_item.dart
DA:60,21
DA:74,21
DA:78,21
DA:79,63
DA:80,2
DA:82,63
DA:83,2
DA:87,42
DA:88,2
DA:92,42
DA:93,1
DA:95,33
DA:96,0
DA:101,2
DA:102,14
DA:107,0
DA:108,0
DA:110,0
DA:112,0
DA:116,8
DA:130,8
DA:131,8
DA:132,4
DA:133,8
DA:134,8
DA:135,8
DA:136,6
DA:137,8
DA:138,8
DA:139,8
DA:140,8
DA:141,8
DA:146,2
DA:147,2
DA:149,2
DA:154,1
DA:155,1
DA:162,5
DA:163,5
DA:164,5
DA:165,5
DA:166,5
DA:167,5
DA:168,5
DA:169,5
DA:170,10
DA:171,6
DA:172,5
DA:173,5
DA:174,5
DA:179,5
DA:180,3
DA:181,5
DA:182,5
DA:183,5
DA:184,5
DA:185,9
DA:186,5
DA:187,10
DA:188,5
DA:189,2
DA:191,5
DA:192,5
DA:193,5
DA:198,5
DA:201,3
DA:202,9
DA:203,3
DA:204,3
DA:205,3
DA:206,3
DA:207,3
DA:208,3
DA:209,3
DA:210,3
DA:211,3
DA:212,3
DA:216,0
DA:218,0
DA:219,0
DA:220,0
DA:221,0
DA:222,0
DA:223,0
DA:224,0
DA:225,0
DA:226,0
DA:227,0
DA:228,0
DA:229,0
DA:234,0
DA:236,0
DA:241,0
DA:242,0
DA:245,0
DA:246,0
LF:96
LH:72
end_of_record
SF:lib\domain\services\core\error_classification_service.dart
DA:15,0
DA:17,0
DA:21,0
DA:22,0
DA:23,0
DA:30,0
DA:31,0
DA:32,0
DA:39,0
DA:40,0
DA:48,0
DA:49,0
DA:58,0
DA:59,0
DA:67,0
DA:68,0
DA:69,0
DA:70,0
DA:71,0
DA:72,0
LF:20
LH:0
end_of_record
SF:lib\domain\services\core\interfaces\error_handler_interface.dart
DA:44,1
DA:50,1
DA:53,0
DA:54,0
DA:55,0
DA:56,0
DA:57,0
DA:59,0
DA:60,0
DA:61,0
DA:69,0
DA:70,0
DA:71,0
DA:73,0
DA:75,0
DA:77,0
DA:84,1
DA:85,6
LF:18
LH:4
end_of_record
SF:lib\domain\services\core\error_logger_service.dart
DA:13,10
DA:19,0
DA:21,0
DA:23,0
DA:27,0
DA:30,0
DA:31,0
DA:35,0
DA:36,0
DA:39,0
DA:40,0
DA:45,0
DA:46,0
DA:47,0
DA:48,0
DA:49,0
DA:50,0
DA:52,0
DA:53,0
DA:54,0
DA:56,0
DA:60,0
DA:63,0
DA:64,0
DA:68,0
DA:71,0
DA:72,0
DA:73,0
DA:74,0
DA:75,0
DA:79,0
DA:80,0
DA:82,0
DA:83,0
DA:84,0
DA:87,0
DA:101,0
DA:108,0
DA:110,0
LF:39
LH:1
end_of_record
SF:lib\data\repositories\task_repository.dart
DA:23,3
DA:24,3
DA:27,3
DA:30,3
DA:32,3
DA:33,6
DA:36,0
DA:38,0
DA:39,0
DA:42,0
DA:44,0
DA:45,0
DA:46,0
DA:47,0
DA:51,0
DA:53,0
DA:54,0
DA:57,0
DA:59,0
DA:60,0
DA:63,0
DA:65,0
DA:66,0
DA:69,0
DA:71,0
DA:72,0
DA:75,0
DA:77,0
DA:78,0
DA:81,0
DA:84,0
DA:85,0
DA:88,0
DA:89,0
DA:92,0
DA:94,0
DA:95,0
DA:100,0
DA:101,0
DA:106,12
DA:107,3
DA:111,0
DA:112,0
DA:113,0
DA:117,0
DA:118,0
DA:119,0
DA:123,0
DA:124,0
DA:125,0
DA:126,0
LF:51
LH:8
end_of_record
SF:lib\domain\models\core\entities\task.g.dart
DA:13,0
DA:15,0
DA:16,0
DA:17,0
DA:19,0
DA:20,0
DA:21,0
DA:22,0
DA:23,0
DA:24,0
DA:25,0
DA:26,0
DA:27,0
DA:28,0
DA:29,0
DA:30,0
DA:31,0
DA:32,0
DA:36,0
DA:39,0
DA:40,0
DA:41,0
DA:42,0
DA:43,0
DA:44,0
DA:45,0
DA:46,0
DA:47,0
DA:48,0
DA:49,0
DA:50,0
DA:51,0
DA:52,0
DA:53,0
DA:54,0
DA:55,0
DA:56,0
DA:57,0
DA:58,0
DA:59,0
DA:60,0
DA:61,0
DA:62,0
DA:63,0
DA:64,0
DA:65,0
DA:68,0
DA:69,0
DA:71,0
DA:74,0
DA:75,0
DA:76,0
LF:52
LH:0
end_of_record
SF:lib\domain\models\core\entities\task.dart
DA:48,16
DA:63,22
DA:64,23
DA:65,32
DA:69,3
DA:70,21
DA:74,1
DA:75,1
DA:77,4
DA:80,3
DA:92,3
DA:93,3
DA:94,3
DA:95,3
DA:96,1
DA:97,2
DA:98,3
DA:99,2
DA:100,3
DA:101,3
DA:102,3
DA:103,3
DA:104,3
DA:108,0
DA:110,0
LF:25
LH:23
end_of_record
SF:lib\domain\task\services\list_item_task_converter.dart
DA:14,5
DA:15,5
DA:16,5
DA:17,5
DA:18,5
DA:19,5
DA:20,5
DA:21,5
DA:22,5
DA:23,5
DA:24,5
DA:25,10
DA:27,5
DA:34,2
DA:35,4
DA:37,2
DA:38,2
DA:39,2
DA:40,2
DA:41,2
DA:42,2
DA:43,2
DA:44,2
DA:45,2
DA:46,2
DA:49,2
DA:54,6
DA:55,18
DA:59,1
DA:60,4
DA:67,2
DA:68,2
DA:71,4
DA:72,2
DA:78,2
LF:35
LH:35
end_of_record
SF:lib\domain\task\services\unified_prioritization_service.dart
DA:11,2
DA:22,7
DA:30,6
DA:31,12
DA:32,14
DA:35,10
DA:43,5
DA:44,18
DA:45,10
DA:48,21
DA:56,2
DA:57,2
DA:59,4
DA:64,2
DA:65,4
DA:71,2
DA:73,2
DA:74,2
DA:77,2
DA:80,6
DA:81,8
DA:84,2
DA:85,2
DA:88,4
DA:90,2
DA:96,1
DA:97,2
LF:27
LH:27
end_of_record
SF:lib\domain\core\specifications\specification.dart
DA:13,2
DA:14,2
DA:18,2
DA:19,2
DA:23,2
DA:24,2
DA:33,2
DA:35,2
DA:37,8
DA:40,1
DA:41,5
DA:49,2
DA:51,2
DA:53,8
DA:56,0
DA:57,0
DA:64,2
DA:66,2
DA:68,4
DA:71,0
DA:72,0
DA:78,0
DA:81,0
DA:84,2
DA:88,2
DA:93,0
DA:96,0
DA:101,0
DA:104,0
DA:112,2
DA:114,2
DA:115,4
DA:117,2
DA:118,2
DA:124,0
DA:125,0
DA:129,0
DA:130,0
DA:134,0
DA:135,0
DA:139,0
DA:140,0
DA:144,0
DA:146,0
LF:44
LH:24
end_of_record
SF:lib\domain\core\value_objects\date_range.dart
DA:9,1
DA:15,1
DA:19,1
DA:20,1
DA:23,1
DA:27,1
DA:28,1
DA:29,4
DA:30,1
DA:32,1
DA:36,1
DA:37,1
DA:38,3
DA:39,6
DA:40,1
DA:42,1
DA:46,0
DA:47,0
DA:48,0
DA:49,0
DA:51,0
DA:55,0
DA:56,0
DA:57,0
DA:58,0
DA:60,0
DA:64,1
DA:65,1
DA:66,1
DA:69,1
DA:70,4
DA:71,3
DA:72,1
DA:74,1
DA:78,0
DA:79,0
DA:80,0
DA:83,0
DA:84,0
DA:85,0
DA:86,0
DA:87,0
DA:89,0
DA:93,0
DA:94,0
DA:95,0
DA:98,0
DA:99,0
DA:100,0
DA:102,0
DA:106,1
DA:107,4
DA:111,0
DA:112,0
DA:116,1
DA:117,4
DA:118,4
DA:122,1
DA:123,6
DA:127,0
DA:128,0
DA:129,0
DA:133,1
DA:134,1
DA:136,4
DA:137,4
DA:139,1
DA:143,1
DA:144,4
DA:145,4
DA:147,1
DA:151,1
DA:152,1
DA:153,1
DA:154,3
DA:159,1
DA:160,1
DA:161,1
DA:162,2
DA:163,2
DA:168,0
DA:169,0
DA:170,0
DA:171,0
DA:173,0
DA:174,0
DA:175,0
DA:182,0
DA:183,0
DA:184,0
DA:186,0
DA:188,0
DA:190,0
DA:192,0
DA:195,0
DA:200,0
DA:201,0
DA:202,0
DA:203,0
DA:206,1
DA:209,1
DA:210,3
DA:211,3
DA:214,0
DA:215,0
DA:217,0
DA:219,0
DA:223,2
DA:224,2
DA:225,2
DA:229,1
DA:230,1
DA:231,2
DA:232,2
DA:253,1
DA:255,1
DA:256,1
DA:257,1
DA:258,1
DA:259,1
DA:260,0
DA:261,1
DA:262,0
DA:263,1
DA:264,1
DA:265,1
DA:266,0
DA:267,1
DA:268,0
DA:269,1
DA:270,1
LF:131
LH:73
end_of_record
SF:lib\domain\core\value_objects\elo_score.dart
DA:16,8
DA:19,3
DA:22,4
DA:23,8
DA:24,1
DA:26,4
DA:30,2
DA:31,14
DA:35,2
DA:40,2
DA:42,8
DA:44,4
DA:48,2
DA:49,4
DA:50,4
DA:51,4
DA:52,4
DA:57,3
DA:60,4
DA:61,4
DA:62,4
DA:63,4
DA:65,1
DA:68,4
DA:71,1
DA:72,2
DA:74,1
DA:75,3
DA:78,3
DA:81,1
DA:82,2
DA:101,1
DA:103,1
DA:105,1
DA:107,1
DA:109,1
DA:111,1
DA:117,1
DA:119,1
DA:121,1
DA:123,1
DA:125,1
DA:127,1
LF:43
LH:43
end_of_record
SF:lib\domain\core\value_objects\elo_variation_settings.dart
DA:22,1
DA:30,2
DA:31,2
DA:32,2
DA:33,1
DA:36,3
DA:37,1
DA:40,4
DA:41,0
DA:46,4
DA:55,2
DA:74,2
DA:77,2
DA:81,6
DA:84,4
DA:85,2
DA:86,2
DA:87,1
DA:94,0
DA:101,0
DA:102,0
DA:103,0
DA:104,0
DA:105,0
DA:106,0
DA:110,0
DA:112,0
DA:113,0
DA:114,0
DA:115,0
DA:119,0
DA:122,0
DA:123,0
DA:124,0
DA:125,0
DA:126,0
DA:127,0
DA:130,0
DA:132,0
DA:133,0
DA:134,0
DA:135,0
DA:136,0
DA:137,0
LF:44
LH:17
end_of_record
SF:lib\domain\core\value_objects\list_prioritization_settings.dart
DA:10,45
DA:15,2
DA:22,6
DA:25,2
DA:26,2
DA:27,4
DA:34,0
DA:35,0
DA:39,0
DA:45,0
DA:46,0
DA:48,0
DA:54,1
DA:55,2
DA:56,1
DA:58,1
DA:64,1
DA:65,1
DA:67,5
DA:71,1
DA:72,1
DA:73,1
DA:78,2
DA:79,2
DA:81,1
DA:82,1
DA:83,1
DA:87,2
DA:88,1
DA:90,1
DA:94,1
DA:95,1
DA:96,2
DA:101,1
DA:102,1
DA:103,4
DA:105,1
DA:110,0
DA:112,0
DA:115,0
DA:118,0
DA:121,0
DA:122,0
DA:123,0
DA:126,0
DA:127,0
LF:46
LH:31
end_of_record
SF:lib\domain\core\value_objects\priority.dart
DA:13,2
DA:20,2
DA:25,2
DA:28,4
DA:29,2
DA:35,2
DA:37,1
DA:40,2
DA:41,1
DA:45,1
DA:49,1
DA:52,1
DA:53,1
DA:56,1
DA:60,4
DA:61,2
DA:63,2
DA:71,1
DA:72,1
DA:74,2
DA:80,1
DA:81,1
DA:85,1
DA:86,1
DA:90,1
DA:91,1
DA:95,1
DA:96,1
DA:100,1
DA:102,3
DA:106,4
DA:109,5
DA:112,5
DA:114,1
DA:117,1
DA:118,3
DA:119,3
DA:120,3
DA:123,1
DA:124,4
DA:126,1
DA:128,3
DA:129,5
DA:133,2
DA:134,2
DA:135,1
DA:136,1
DA:140,1
DA:141,1
DA:142,1
DA:143,4
DA:144,1
DA:146,1
DA:147,1
DA:165,2
DA:166,2
DA:167,2
DA:168,2
DA:173,1
DA:175,1
DA:177,1
DA:179,1
DA:181,1
DA:187,1
DA:189,1
DA:191,1
DA:193,1
DA:195,1
DA:206,5
DA:209,5
DA:211,1
DA:212,3
LF:72
LH:72
end_of_record
SF:lib\domain\core\value_objects\progress.dart
DA:11,1
DA:19,1
DA:24,1
DA:25,1
DA:27,1
DA:28,1
DA:30,1
DA:31,1
DA:34,2
DA:36,1
DA:40,1
DA:45,1
DA:49,2
DA:50,1
DA:53,1
DA:55,2
DA:57,1
DA:62,1
DA:63,1
DA:67,1
DA:71,1
DA:79,3
DA:82,1
DA:83,2
DA:84,2
DA:85,2
DA:86,2
DA:91,3
DA:94,3
DA:97,4
DA:100,1
DA:101,1
DA:102,2
DA:103,1
DA:104,1
DA:109,1
DA:110,2
DA:111,1
DA:114,1
DA:115,1
DA:117,1
DA:122,1
DA:123,1
DA:124,3
DA:125,3
DA:126,1
DA:131,1
DA:132,3
DA:136,4
DA:138,1
DA:141,1
DA:142,3
DA:143,3
DA:144,3
DA:147,1
DA:148,4
DA:150,1
DA:152,5
DA:156,2
DA:157,1
DA:158,1
DA:159,1
DA:160,2
DA:164,1
DA:165,1
DA:166,1
DA:167,1
DA:168,1
DA:169,2
DA:188,1
DA:190,1
DA:192,1
DA:194,1
DA:196,1
DA:198,1
DA:204,1
DA:206,1
DA:208,1
DA:210,1
DA:212,1
DA:214,1
LF:81
LH:81
end_of_record
SF:lib\domain\models\builders\custom_list_builder.dart
DA:17,1
DA:18,1
DA:23,1
DA:24,1
DA:29,1
DA:30,1
DA:35,1
DA:36,1
DA:41,1
DA:42,1
DA:47,0
DA:48,0
DA:49,0
DA:54,1
DA:55,1
DA:60,1
DA:61,1
DA:68,0
DA:69,0
DA:73,0
DA:74,0
DA:78,0
DA:79,0
DA:83,0
DA:84,0
DA:88,0
DA:89,0
DA:93,0
DA:94,0
DA:98,0
DA:99,0
DA:103,0
DA:104,0
DA:108,0
DA:109,0
DA:113,0
DA:114,0
DA:115,0
DA:119,0
DA:120,0
DA:125,1
DA:126,3
DA:127,1
DA:129,3
DA:130,1
DA:132,1
DA:133,0
DA:136,1
DA:137,1
DA:138,1
DA:141,3
DA:142,1
DA:146,2
DA:147,0
DA:150,1
DA:151,1
DA:152,1
DA:153,1
DA:154,1
DA:155,2
DA:163,0
DA:164,0
DA:165,0
DA:166,0
DA:167,0
DA:168,0
DA:172,0
DA:173,0
DA:177,0
DA:178,0
DA:182,0
DA:183,0
DA:187,0
DA:188,0
DA:192,0
DA:193,0
DA:197,0
DA:198,0
DA:202,0
DA:203,0
LF:80
LH:32
end_of_record
SF:lib\domain\models\core\entities\habit.dart
DA:115,12
DA:137,8
DA:138,11
DA:139,9
DA:142,2
DA:143,4
DA:144,4
DA:148,1
DA:149,2
DA:150,2
DA:154,2
DA:155,4
DA:156,4
DA:158,4
DA:159,2
DA:162,1
DA:163,2
DA:168,1
DA:169,2
DA:170,2
DA:174,8
DA:175,8
DA:178,16
DA:179,16
DA:180,8
DA:181,16
DA:183,24
DA:184,6
DA:185,12
DA:187,0
DA:188,0
DA:189,0
DA:193,8
DA:197,6
DA:198,6
DA:201,10
DA:202,12
DA:203,6
DA:204,12
DA:207,18
DA:209,12
DA:211,0
DA:212,0
DA:217,4
DA:226,8
DA:227,64
DA:230,1
DA:252,1
DA:253,1
DA:254,0
DA:255,1
DA:256,1
DA:257,0
DA:258,1
DA:259,1
DA:260,1
DA:261,3
DA:262,0
DA:263,1
DA:264,1
DA:265,1
DA:266,1
DA:267,1
DA:268,1
DA:269,1
DA:270,1
DA:271,1
DA:272,1
DA:273,1
DA:278,0
DA:279,0
DA:280,0
DA:282,0
DA:284,0
LF:74
LH:61
end_of_record
SF:lib\domain\models\core\entities\habit.g.dart
DA:13,0
DA:15,0
DA:16,0
DA:17,0
DA:19,0
DA:20,0
DA:21,0
DA:22,0
DA:23,0
DA:24,0
DA:25,0
DA:26,0
DA:27,0
DA:28,0
DA:29,0
DA:30,0
DA:31,0
DA:32,0
DA:33,0
DA:34,0
DA:35,0
DA:36,0
DA:37,0
DA:38,0
DA:39,0
DA:40,0
DA:44,0
DA:47,0
DA:48,0
DA:49,0
DA:50,0
DA:51,0
DA:52,0
DA:53,0
DA:54,0
DA:55,0
DA:56,0
DA:57,0
DA:58,0
DA:59,0
DA:60,0
DA:61,0
DA:62,0
DA:63,0
DA:64,0
DA:65,0
DA:66,0
DA:67,0
DA:68,0
DA:69,0
DA:70,0
DA:71,0
DA:72,0
DA:73,0
DA:74,0
DA:75,0
DA:76,0
DA:77,0
DA:78,0
DA:79,0
DA:80,0
DA:81,0
DA:82,0
DA:83,0
DA:84,0
DA:85,0
DA:86,0
DA:87,0
DA:88,0
DA:89,0
DA:92,0
DA:93,0
DA:95,0
DA:98,0
DA:99,0
DA:100,0
DA:107,0
DA:109,0
DA:110,0
DA:112,0
DA:119,0
DA:122,0
DA:123,0
DA:125,0
DA:126,0
DA:131,0
DA:132,0
DA:134,0
DA:137,0
DA:138,0
DA:139,0
DA:146,0
DA:148,0
DA:149,0
DA:151,0
DA:153,0
DA:155,0
DA:157,0
DA:159,0
DA:161,0
DA:163,0
DA:165,0
DA:167,0
DA:169,0
DA:171,0
DA:178,0
DA:181,0
DA:182,0
DA:184,0
DA:185,0
DA:187,0
DA:188,0
DA:190,0
DA:191,0
DA:193,0
DA:194,0
DA:196,0
DA:197,0
DA:199,0
DA:200,0
DA:202,0
DA:203,0
DA:205,0
DA:206,0
DA:208,0
DA:209,0
DA:211,0
DA:212,0
DA:214,0
DA:215,0
DA:220,0
DA:221,0
DA:223,0
DA:226,0
DA:227,0
DA:228,0
LF:136
LH:0
end_of_record
SF:lib\domain\models\builders\habit_builder.dart
DA:27,1
DA:28,1
DA:33,1
DA:34,1
DA:39,1
DA:40,1
DA:45,1
DA:46,1
DA:51,1
DA:52,1
DA:57,1
DA:58,1
DA:63,1
DA:64,1
DA:69,1
DA:70,1
DA:75,1
DA:76,1
DA:81,1
DA:82,1
DA:87,1
DA:88,1
DA:93,1
DA:94,1
DA:99,1
DA:100,1
DA:105,1
DA:106,1
DA:111,1
DA:112,1
DA:117,1
DA:118,1
DA:123,1
DA:124,1
DA:129,1
DA:130,1
DA:137,1
DA:138,2
DA:142,1
DA:143,1
DA:144,1
DA:145,1
DA:146,1
DA:150,1
DA:151,2
DA:155,1
DA:156,2
DA:160,1
DA:161,2
DA:165,1
DA:166,1
DA:167,1
DA:168,1
DA:172,1
DA:173,1
DA:177,1
DA:178,1
DA:183,1
DA:184,1
DA:185,1
DA:187,1
DA:188,1
DA:191,1
DA:192,1
DA:193,1
DA:194,1
DA:195,1
DA:196,1
DA:197,1
DA:198,1
DA:199,1
DA:200,1
DA:201,1
DA:202,1
DA:203,1
DA:204,1
DA:205,1
DA:206,1
DA:207,1
DA:208,1
DA:209,1
DA:214,1
DA:215,1
DA:216,1
DA:217,1
DA:218,1
DA:219,1
DA:220,1
DA:221,1
DA:222,1
DA:223,1
DA:224,1
DA:225,1
DA:226,1
DA:227,1
DA:228,1
DA:229,1
DA:230,1
DA:231,1
DA:232,1
LF:100
LH:100
end_of_record
SF:lib\domain\services\calculation\habit_calculation_service.dart
DA:13,8
DA:14,8
DA:17,24
DA:18,16
DA:20,18
DA:27,7
DA:28,7
DA:31,15
DA:32,15
DA:39,1
DA:40,1
DA:43,3
DA:44,3
DA:46,4
DA:53,5
DA:54,5
DA:57,8
DA:58,3
DA:59,12
DA:60,15
DA:65,5
DA:66,8
DA:67,3
DA:68,13
DA:69,3
DA:80,1
DA:81,1
DA:83,1
DA:84,2
DA:93,1
DA:94,1
DA:95,2
DA:97,1
DA:100,1
DA:101,0
DA:103,0
DA:107,2
DA:109,1
DA:115,1
DA:116,1
DA:117,0
DA:119,0
DA:122,1
DA:123,2
DA:125,1
DA:129,2
DA:137,1
DA:138,1
DA:139,0
DA:140,0
DA:142,0
DA:144,0
DA:150,1
DA:151,1
DA:152,2
DA:154,1
DA:157,0
DA:158,0
DA:160,0
DA:164,0
DA:166,0
DA:178,1
DA:179,1
DA:186,1
DA:187,4
DA:194,1
DA:195,1
DA:197,1
DA:198,4
LF:69
LH:56
end_of_record
SF:lib\domain\services\calculation\points_calculation_service.dart
DA:24,4
DA:25,4
DA:26,4
DA:28,4
DA:35,4
DA:36,8
DA:43,4
DA:44,12
DA:45,4
DA:53,1
DA:54,1
DA:57,2
DA:58,1
DA:59,3
DA:63,2
DA:64,1
DA:65,1
DA:66,3
DA:77,1
DA:78,1
DA:80,2
DA:81,1
DA:82,3
DA:92,1
DA:93,1
DA:95,2
DA:96,1
DA:97,1
DA:98,3
DA:110,1
DA:111,1
DA:112,1
DA:114,1
DA:116,3
DA:124,1
DA:125,1
DA:126,2
DA:128,1
DA:136,1
DA:137,1
DA:138,1
DA:140,1
DA:148,1
DA:149,2
DA:153,1
DA:155,4
DA:156,3
DA:160,1
DA:162,3
DA:163,1
DA:164,3
DA:165,2
DA:167,2
DA:175,1
DA:176,2
DA:180,1
DA:182,5
DA:183,1
DA:187,1
DA:188,4
DA:190,3
DA:191,1
DA:192,2
DA:193,2
DA:195,1
DA:203,1
DA:204,2
DA:208,1
DA:210,5
DA:211,1
DA:215,1
DA:216,3
DA:218,3
DA:219,1
DA:220,2
DA:221,2
DA:223,1
LF:77
LH:77
end_of_record
SF:lib\domain\services\calculation\progress_calculation_service.dart
DA:19,3
DA:20,3
DA:21,3
DA:22,3
DA:32,1
DA:34,1
DA:35,1
DA:36,1
DA:37,1
DA:38,1
DA:39,1
DA:40,1
DA:41,1
DA:43,1
DA:51,1
DA:53,1
DA:54,1
DA:55,1
DA:56,4
DA:57,1
DA:58,4
DA:59,1
DA:60,4
DA:62,1
DA:71,1
DA:72,2
DA:78,1
DA:79,1
DA:80,1
DA:84,1
DA:85,1
DA:86,1
DA:90,2
DA:91,3
DA:92,1
DA:104,1
DA:105,1
DA:106,1
DA:108,2
DA:109,2
DA:110,1
DA:111,4
DA:122,1
DA:123,1
DA:124,1
DA:126,2
DA:127,2
DA:128,1
DA:129,4
DA:140,1
DA:141,1
DA:142,1
DA:144,2
DA:145,2
DA:146,1
DA:147,4
DA:158,1
DA:159,1
DA:160,1
DA:162,2
DA:163,2
DA:164,1
DA:165,4
DA:177,1
DA:182,1
DA:183,1
DA:186,2
DA:187,2
DA:190,3
DA:192,2
DA:194,0
DA:195,0
DA:199,1
DA:202,3
DA:206,1
DA:207,0
DA:208,0
DA:209,0
DA:210,0
DA:211,0
DA:212,0
DA:214,0
DA:215,0
DA:216,0
DA:218,0
DA:222,2
DA:223,0
DA:224,1
DA:235,1
DA:236,8
DA:245,1
DA:246,1
DA:248,1
DA:250,6
DA:251,2
DA:260,1
DA:261,1
DA:263,2
DA:266,5
DA:267,6
DA:269,5
DA:270,5
DA:272,1
DA:274,1
DA:275,2
DA:285,1
DA:286,1
DA:288,1
DA:289,0
DA:292,2
DA:295,3
DA:296,3
DA:297,2
DA:302,1
DA:311,1
DA:312,1
DA:314,1
DA:315,0
DA:318,2
DA:321,3
DA:322,3
DA:323,2
DA:328,1
LF:123
LH:108
end_of_record
SF:lib\presentation\theme\app_theme.dart
DA:85,1
DA:86,1
DA:89,2
DA:90,1
DA:102,1
DA:103,1
DA:107,1
DA:113,1
DA:123,1
DA:125,1
DA:126,1
DA:133,1
DA:134,1
DA:141,1
DA:145,1
DA:150,1
DA:151,1
DA:152,0
DA:153,0
DA:155,0
DA:156,0
DA:163,1
DA:164,1
DA:167,1
DA:178,1
DA:179,1
DA:181,1
DA:193,1
DA:196,1
DA:200,1
DA:204,1
DA:208,1
DA:212,1
DA:222,1
DA:224,1
DA:229,1
DA:268,1
DA:271,1
DA:272,1
DA:288,1
DA:291,1
DA:302,1
DA:303,2
DA:304,1
DA:309,1
DA:314,1
DA:319,1
DA:324,1
DA:329,1
DA:334,1
DA:339,1
DA:344,1
DA:349,1
DA:354,1
DA:359,1
DA:399,0
DA:400,0
DA:404,3
DA:405,12
DA:409,0
DA:410,0
DA:411,0
DA:415,0
DA:416,0
DA:420,0
DA:421,0
DA:423,0
DA:425,0
DA:433,0
DA:434,0
DA:435,0
DA:436,0
DA:438,0
DA:439,0
DA:441,0
LF:75
LH:53
end_of_record
SF:lib\domain\services\calculation\task_calculation_service.dart
DA:13,6
DA:14,6
DA:16,16
DA:17,16
DA:24,4
DA:25,4
DA:26,4
DA:30,4
DA:34,16
DA:35,20
DA:36,12
DA:37,12
DA:41,8
DA:42,4
DA:43,4
DA:44,4
DA:45,4
DA:47,4
DA:51,4
DA:55,4
DA:67,4
DA:68,8
DA:69,8
DA:70,4
DA:72,4
DA:73,4
DA:77,4
DA:82,4
DA:84,8
DA:85,20
DA:86,4
DA:88,12
DA:89,8
DA:93,4
DA:94,8
DA:95,18
DA:104,8
DA:105,4
DA:109,4
DA:116,8
DA:117,20
DA:118,4
DA:119,20
DA:121,4
DA:133,2
DA:134,2
DA:136,8
DA:137,10
DA:144,3
DA:145,6
DA:146,6
DA:147,3
DA:149,3
DA:152,18
DA:153,7
DA:155,6
DA:162,1
DA:163,4
DA:170,1
DA:171,4
DA:178,5
DA:179,5
DA:182,8
DA:183,3
DA:184,12
DA:185,3
DA:186,9
DA:191,5
DA:192,8
DA:193,3
DA:194,11
DA:195,3
DA:206,1
DA:207,1
DA:209,1
DA:210,2
DA:219,1
DA:220,1
DA:221,2
DA:223,1
DA:226,1
DA:227,2
DA:229,1
DA:233,2
DA:235,1
DA:241,1
DA:242,1
DA:243,2
DA:245,1
DA:248,1
DA:249,0
DA:251,0
DA:255,2
DA:257,1
DA:263,1
DA:264,1
DA:265,0
DA:266,0
DA:268,0
DA:270,0
DA:276,1
DA:277,1
DA:278,1
DA:279,0
DA:281,0
DA:284,1
DA:285,2
DA:287,2
DA:291,0
DA:293,0
LF:110
LH:100
end_of_record
SF:lib\presentation\theme\border_radius_tokens.dart
DA:9,0
DA:104,0
DA:106,0
DA:108,0
DA:110,0
DA:112,0
DA:114,0
DA:116,0
DA:118,0
DA:120,0
DA:126,0
DA:128,0
DA:130,0
DA:132,0
DA:134,0
DA:136,0
DA:138,0
DA:140,0
DA:142,0
DA:210,0
LF:20
LH:0
end_of_record
SF:lib\domain\services\cache\cache_service.dart
DA:25,2
DA:26,6
DA:27,6
DA:28,6
DA:30,2
DA:31,2
DA:32,2
DA:36,2
DA:44,2
DA:45,2
DA:48,2
DA:51,4
DA:54,4
DA:55,4
DA:57,2
DA:58,2
DA:59,2
DA:62,2
DA:68,2
DA:71,2
DA:72,1
DA:73,1
DA:77,4
DA:79,2
DA:84,2
DA:87,6
DA:88,2
DA:89,2
DA:94,0
DA:95,0
DA:101,1
DA:102,1
DA:106,2
DA:107,4
DA:108,4
DA:109,4
DA:111,4
DA:112,4
DA:114,2
DA:118,1
DA:119,2
DA:120,1
DA:121,0
DA:128,2
DA:129,6
DA:130,4
DA:132,2
DA:133,4
DA:134,2
DA:135,2
DA:136,2
DA:137,2
DA:138,2
DA:139,2
DA:145,1
DA:146,1
DA:147,1
DA:148,1
DA:152,0
DA:153,0
DA:155,0
DA:157,0
DA:158,0
DA:160,0
DA:162,0
DA:163,0
DA:167,0
DA:172,1
DA:173,2
DA:174,2
DA:175,2
DA:176,1
DA:177,1
DA:180,2
DA:181,4
DA:182,4
DA:185,2
DA:186,4
DA:187,6
DA:188,4
DA:189,2
DA:191,3
DA:192,1
DA:196,2
DA:197,6
DA:200,3
DA:201,5
DA:203,7
DA:205,2
DA:206,1
DA:210,2
DA:211,6
DA:212,6
DA:214,4
DA:215,4
DA:217,3
DA:218,5
DA:221,3
DA:222,5
DA:226,2
DA:227,2
DA:228,2
DA:230,6
DA:231,8
DA:234,6
DA:235,8
DA:238,4
DA:239,4
DA:242,2
DA:243,6
DA:245,2
DA:250,2
DA:251,2
DA:253,1
DA:258,2
DA:259,6
DA:261,4
DA:262,10
DA:264,6
DA:265,6
DA:267,4
DA:270,1
DA:271,3
DA:272,4
DA:277,2
DA:280,2
DA:281,3
DA:282,2
DA:283,2
DA:285,2
DA:286,2
DA:287,2
DA:290,2
DA:291,4
DA:293,2
DA:294,4
DA:295,6
DA:296,6
DA:298,10
DA:301,2
DA:303,6
DA:304,4
DA:305,2
DA:306,4
DA:307,0
DA:308,0
DA:314,2
DA:315,2
DA:316,4
DA:320,2
DA:321,4
DA:322,4
DA:323,4
DA:344,2
DA:353,0
DA:355,0
DA:356,0
DA:357,0
DA:358,0
DA:359,0
DA:360,0
DA:361,0
LF:162
LH:140
end_of_record
SF:lib\domain\services\cache\cache_monitoring_service.dart
DA:23,1
DA:26,3
DA:29,3
DA:32,3
DA:35,3
DA:38,1
DA:39,1
DA:40,4
DA:43,1
DA:47,1
DA:48,2
DA:49,1
DA:53,1
DA:54,1
DA:58,1
DA:61,1
DA:62,1
DA:64,1
DA:66,1
DA:67,1
DA:70,1
DA:74,1
DA:75,1
DA:76,4
DA:77,1
DA:81,1
DA:85,1
DA:86,1
DA:87,1
DA:88,1
DA:90,1
DA:92,1
DA:93,3
DA:94,1
DA:95,1
DA:96,1
DA:97,1
DA:98,1
DA:100,1
DA:101,1
DA:102,1
DA:103,1
DA:110,1
DA:112,3
DA:113,5
DA:116,4
DA:117,5
DA:120,3
DA:121,5
DA:123,1
DA:131,1
DA:133,3
DA:134,3
DA:137,3
DA:138,3
DA:140,1
DA:147,1
DA:149,3
DA:150,3
DA:152,1
DA:158,1
DA:159,1
DA:160,1
DA:162,1
DA:163,1
DA:165,1
DA:171,1
DA:172,1
DA:174,1
DA:175,1
DA:176,1
DA:177,1
DA:183,1
DA:184,2
DA:185,5
DA:190,1
DA:191,3
DA:192,0
DA:197,1
DA:198,2
DA:199,0
DA:204,1
DA:205,2
DA:206,3
DA:211,1
DA:212,1
DA:213,1
DA:217,1
DA:218,2
DA:220,1
DA:221,1
DA:222,1
DA:223,1
DA:228,1
DA:229,1
DA:230,4
DA:234,1
DA:235,1
DA:237,1
DA:238,1
DA:242,2
DA:243,2
DA:248,1
DA:249,2
DA:251,1
DA:252,1
DA:258,1
DA:259,1
DA:260,1
DA:261,1
DA:262,1
DA:263,1
DA:264,1
DA:265,1
DA:266,1
DA:267,2
DA:272,1
DA:273,1
DA:274,2
DA:275,1
DA:279,1
DA:280,2
DA:283,3
DA:284,5
DA:288,1
DA:289,1
DA:290,1
DA:294,1
DA:295,1
DA:297,1
DA:298,1
DA:299,1
DA:300,1
DA:306,1
DA:307,2
DA:308,0
DA:310,0
DA:311,0
DA:318,1
DA:319,2
DA:320,2
DA:322,4
DA:323,1
DA:330,1
DA:331,3
DA:332,2
DA:334,3
DA:335,1
DA:342,1
DA:343,2
DA:344,2
DA:346,2
DA:347,1
DA:354,1
DA:355,2
DA:356,2
DA:357,2
DA:361,1
DA:363,2
DA:366,1
DA:367,2
DA:369,1
DA:370,1
DA:372,3
DA:376,1
DA:377,2
DA:378,1
DA:384,1
DA:388,1
DA:390,2
DA:391,3
DA:393,2
DA:394,0
DA:398,3
DA:399,5
DA:402,3
DA:403,5
DA:405,1
DA:412,1
DA:413,1
DA:415,1
DA:416,2
DA:420,1
DA:426,1
DA:428,1
DA:429,1
DA:430,1
DA:431,1
DA:437,1
DA:438,1
DA:439,1
DA:440,1
DA:445,1
DA:446,1
DA:447,1
DA:448,1
DA:453,1
DA:454,1
DA:455,0
DA:456,0
DA:461,1
DA:462,1
DA:463,0
DA:468,1
DA:469,1
DA:470,2
DA:471,2
DA:486,1
DA:497,0
DA:499,0
DA:500,0
DA:501,0
DA:502,0
DA:503,0
DA:504,0
DA:505,0
DA:506,0
DA:507,0
DA:518,1
DA:525,0
DA:527,0
DA:528,0
DA:529,0
DA:530,0
DA:531,0
DA:566,1
DA:573,0
DA:575,0
DA:576,0
DA:577,0
DA:578,0
DA:595,3
DA:608,1
DA:623,0
DA:625,0
DA:626,0
DA:627,0
DA:628,0
DA:629,0
DA:630,0
DA:631,0
LF:241
LH:203
end_of_record
SF:lib\domain\services\core\language_service.dart
DA:26,0
DA:27,0
DA:31,2
DA:33,2
DA:34,0
DA:35,0
DA:43,1
DA:45,1
DA:46,0
DA:47,0
DA:54,1
DA:55,1
DA:56,1
DA:58,1
DA:60,1
DA:62,1
DA:70,1
DA:71,1
DA:72,1
DA:74,1
DA:76,1
DA:78,1
DA:86,0
DA:87,0
DA:88,0
DA:89,0
DA:94,0
DA:95,0
DA:96,0
DA:103,0
DA:104,0
DA:109,1
DA:110,3
DA:112,1
DA:113,1
DA:114,1
DA:118,0
DA:119,0
DA:129,2
DA:135,1
DA:137,4
DA:140,1
DA:143,1
DA:144,3
DA:145,0
DA:146,0
DA:149,1
DA:151,8
DA:156,7
DA:157,1
DA:161,8
DA:162,4
DA:163,2
DA:167,4
DA:168,2
DA:169,1
LF:56
LH:37
end_of_record
SF:lib\domain\services\insights\insights_generation_service.dart
DA:17,4
DA:21,4
DA:24,4
DA:25,4
DA:26,4
DA:31,4
DA:32,0
DA:38,8
DA:46,4
DA:47,4
DA:48,1
DA:49,1
DA:51,2
DA:53,4
DA:59,4
DA:60,4
DA:61,2
DA:63,1
DA:66,4
DA:67,4
DA:69,2
DA:75,12
DA:76,4
DA:77,4
DA:79,2
DA:91,1
DA:92,1
DA:94,1
DA:95,2
DA:104,1
DA:105,1
DA:106,2
DA:108,3
DA:111,1
DA:112,0
DA:114,0
DA:118,2
DA:120,3
DA:126,1
DA:127,1
DA:128,0
DA:130,0
DA:133,1
DA:134,2
DA:136,1
DA:140,2
DA:148,1
DA:149,1
DA:150,0
DA:151,0
DA:153,0
DA:155,0
DA:161,1
DA:162,1
DA:163,2
DA:165,1
DA:168,1
DA:169,2
DA:171,1
DA:175,0
DA:177,0
DA:189,1
DA:190,1
DA:192,1
DA:193,2
DA:202,1
DA:203,1
DA:204,2
DA:206,1
DA:209,1
DA:210,2
DA:212,1
DA:216,2
DA:218,1
DA:224,4
DA:225,1
DA:226,2
DA:228,1
DA:231,1
DA:232,0
DA:234,0
DA:238,2
DA:240,1
DA:246,1
DA:247,1
DA:248,1
DA:249,5
DA:251,2
DA:253,4
DA:259,1
DA:260,1
DA:261,1
DA:262,0
DA:264,0
DA:267,1
DA:268,2
DA:270,2
DA:274,0
DA:276,0
DA:289,1
DA:290,1
DA:292,1
DA:293,2
DA:302,1
DA:303,1
DA:304,0
DA:306,0
DA:309,1
DA:310,2
DA:312,1
DA:315,1
DA:316,2
DA:318,1
DA:321,1
DA:322,2
DA:324,1
DA:327,1
DA:328,2
DA:330,1
DA:334,2
DA:342,1
DA:343,2
DA:344,2
DA:346,1
DA:352,1
DA:353,1
DA:354,1
DA:355,2
DA:357,3
DA:369,1
DA:370,1
DA:373,1
DA:374,1
DA:377,1
DA:378,2
DA:379,1
DA:380,0
DA:390,1
DA:391,1
DA:393,1
DA:394,5
DA:396,2
LF:142
LH:122
end_of_record
SF:lib\domain\services\ui\accessibility_service.dart
DA:7,24
DA:8,16
DA:9,8
DA:21,0
DA:24,1
DA:25,1
DA:26,1
DA:32,1
DA:34,1
DA:36,1
DA:38,1
DA:40,1
DA:42,1
DA:44,1
DA:46,1
DA:48,1
DA:50,1
DA:58,0
DA:59,0
DA:63,43
DA:66,7
DA:67,7
DA:68,28
DA:69,28
DA:70,28
DA:71,7
DA:72,7
DA:73,7
DA:74,56
DA:77,14
DA:78,14
DA:79,15
DA:83,1
DA:84,1
DA:85,1
DA:89,1
DA:90,1
DA:94,0
DA:96,0
DA:100,0
DA:101,0
DA:102,0
DA:103,0
DA:109,2
DA:110,2
DA:117,0
DA:145,0
DA:176,0
DA:177,0
DA:181,0
DA:182,0
DA:186,0
DA:188,0
DA:192,0
DA:193,0
DA:194,0
DA:199,0
DA:204,0
DA:205,0
DA:214,6
DA:219,6
DA:222,6
DA:223,0
DA:226,7
DA:231,0
DA:232,0
DA:233,0
DA:234,0
DA:235,0
DA:236,0
DA:237,0
LF:71
LH:40
end_of_record
SF:lib\domain\services\ui\cross_browser_compatibility_service.dart
DA:7,3
DA:8,2
DA:9,1
DA:12,1
DA:17,0
DA:26,0
DA:32,1
DA:33,1
DA:34,1
DA:35,1
DA:36,1
DA:37,1
DA:38,1
DA:39,1
DA:40,1
DA:41,1
DA:46,1
DA:56,1
DA:66,1
DA:76,1
DA:86,1
DA:96,1
DA:106,1
DA:116,1
DA:119,1
DA:123,1
DA:124,1
DA:125,1
DA:126,1
DA:129,1
DA:130,0
DA:131,0
DA:134,1
DA:135,0
DA:136,0
DA:139,1
DA:142,1
DA:146,1
DA:153,1
DA:154,1
DA:157,1
DA:158,0
DA:160,1
DA:161,0
DA:163,1
DA:164,0
DA:170,0
DA:181,0
DA:191,0
LF:49
LH:37
end_of_record
SF:lib\domain\services\ui\responsive_service.dart
DA:8,6
DA:9,4
DA:10,2
DA:20,2
DA:21,2
DA:22,2
DA:23,2
DA:24,2
DA:25,1
DA:30,1
DA:31,1
DA:35,1
DA:36,1
DA:40,1
DA:41,1
DA:45,1
DA:46,1
DA:47,1
DA:50,1
DA:51,2
DA:58,1
DA:59,2
DA:65,1
DA:66,0
DA:71,1
DA:72,1
DA:73,0
DA:74,2
DA:85,2
DA:86,2
DA:89,2
DA:91,2
DA:93,2
DA:95,2
DA:97,1
DA:98,1
DA:104,1
DA:105,1
DA:108,1
DA:109,1
DA:110,1
DA:111,1
DA:112,1
DA:114,1
DA:115,1
DA:116,1
DA:117,1
DA:118,1
DA:123,1
DA:124,1
DA:127,1
DA:129,1
DA:131,1
DA:133,1
DA:134,1
DA:135,1
DA:141,1
DA:142,1
DA:145,1
DA:147,1
DA:149,1
DA:151,1
DA:153,1
DA:155,1
DA:161,1
DA:162,1
DA:165,1
DA:166,1
DA:172,1
DA:173,1
DA:179,1
DA:180,0
DA:186,1
DA:187,0
DA:188,0
DA:189,1
DA:216,1
LF:77
LH:72
end_of_record
SF:lib\domain\task\services\task_elo_service.dart
DA:12,2
DA:16,1
DA:17,2
DA:18,8
DA:21,3
DA:22,3
DA:24,5
DA:25,5
DA:28,4
DA:29,1
DA:32,1
DA:37,5
DA:38,5
DA:40,1
DA:44,0
DA:45,7
DA:47,0
DA:48,7
DA:55,0
DA:60,0
DA:61,0
DA:64,0
DA:65,0
DA:66,0
DA:67,0
DA:68,0
DA:70,0
DA:71,0
DA:76,0
DA:77,0
DA:78,0
DA:79,0
DA:82,0
DA:83,0
DA:90,0
DA:95,0
DA:96,0
DA:98,0
DA:99,0
DA:101,0
DA:106,0
DA:107,0
DA:109,0
DA:110,0
DA:111,0
DA:120,0
DA:121,0
DA:123,0
DA:128,0
DA:134,0
DA:139,0
DA:140,0
DA:142,0
DA:143,0
DA:148,0
DA:151,0
DA:152,0
DA:155,0
DA:156,0
DA:160,0
DA:163,0
DA:167,0
DA:170,0
DA:172,0
DA:176,0
DA:177,0
DA:183,0
DA:189,0
DA:190,0
DA:195,0
DA:202,0
DA:205,0
DA:206,0
DA:207,0
DA:208,0
DA:213,0
DA:214,0
DA:215,0
DA:216,0
DA:217,0
DA:218,0
DA:219,0
DA:220,0
DA:221,0
DA:222,0
DA:227,0
DA:228,0
DA:229,0
DA:233,0
DA:234,0
DA:235,0
DA:236,0
DA:237,0
DA:238,0
DA:239,0
DA:242,0
DA:243,0
DA:245,0
DA:253,1
DA:254,2
DA:255,3
DA:258,4
DA:260,1
DA:261,1
DA:266,2
DA:267,2
DA:268,1
DA:270,5
DA:279,1
DA:284,2
DA:285,4
DA:288,1
DA:291,2
DA:292,2
DA:294,4
DA:297,4
DA:298,2
DA:301,6
DA:302,2
DA:304,3
DA:306,1
DA:307,1
DA:308,1
DA:310,1
DA:311,1
DA:317,1
DA:322,2
DA:323,1
DA:324,1
DA:326,2
DA:333,1
DA:334,2
DA:337,3
DA:345,0
DA:346,0
DA:347,0
DA:349,0
DA:350,0
DA:353,0
DA:354,0
DA:356,0
DA:357,0
DA:358,0
DA:359,0
DA:362,0
DA:363,0
DA:365,0
DA:367,0
DA:368,0
DA:371,0
DA:372,0
DA:374,0
DA:377,0
DA:383,0
DA:384,0
DA:392,0
DA:393,0
DA:394,0
DA:409,1
DA:417,0
DA:419,0
DA:431,0
DA:439,0
DA:441,0
DA:455,3
DA:465,0
DA:477,0
DA:479,0
DA:484,0
LF:169
LH:53
end_of_record
SF:lib\domain\task\aggregates\task_aggregate.dart
DA:25,3
DA:47,3
DA:55,6
DA:56,0
DA:59,3
DA:60,1
DA:61,3
DA:63,3
DA:65,3
DA:66,1
DA:69,1
DA:75,6
DA:77,3
DA:78,1
DA:79,3
DA:86,0
DA:97,0
DA:101,0
DA:111,6
DA:112,2
DA:113,6
DA:114,4
DA:115,2
DA:116,2
DA:117,2
DA:118,2
DA:119,2
DA:122,1
DA:123,1
DA:124,2
DA:125,1
DA:130,1
DA:131,2
DA:132,3
DA:136,0
DA:137,0
DA:138,0
DA:142,0
DA:143,0
DA:144,0
DA:145,0
DA:148,0
DA:149,0
DA:152,0
DA:153,0
DA:155,0
DA:156,0
DA:157,0
DA:164,0
DA:165,0
DA:166,0
DA:167,0
DA:170,0
DA:171,0
DA:173,0
DA:174,0
DA:175,0
DA:182,0
DA:183,0
DA:184,0
DA:185,0
DA:188,0
DA:189,0
DA:191,0
DA:192,0
DA:193,0
DA:200,0
DA:201,0
DA:202,0
DA:203,0
DA:206,0
DA:207,0
DA:209,0
DA:210,0
DA:211,0
DA:218,2
DA:219,4
DA:220,2
DA:221,0
DA:224,2
DA:225,4
DA:227,6
DA:229,4
DA:230,2
DA:231,2
DA:232,4
DA:233,2
DA:234,2
DA:241,0
DA:242,0
DA:243,0
DA:244,0
DA:247,0
DA:248,0
DA:250,0
DA:251,0
DA:252,0
DA:259,1
DA:260,2
DA:261,2
DA:262,0
DA:265,1
DA:266,1
DA:269,3
DA:270,1
DA:274,3
DA:280,2
DA:281,1
DA:282,1
DA:283,2
DA:287,2
DA:288,1
DA:289,1
DA:290,2
DA:294,2
DA:295,1
DA:296,1
DA:297,1
DA:298,2
DA:299,1
DA:300,2
DA:306,0
DA:307,0
DA:308,0
DA:309,0
DA:310,0
DA:311,0
DA:312,0
DA:313,0
DA:318,3
DA:320,9
DA:321,0
DA:324,5
DA:325,0
DA:328,6
DA:329,0
DA:332,9
DA:333,0
DA:338,0
DA:347,0
DA:348,0
DA:349,0
DA:350,0
DA:351,0
DA:352,0
DA:353,0
DA:354,0
DA:355,0
DA:356,0
DA:360,0
DA:362,0
LF:151
LH:70
end_of_record
SF:lib\domain\core\aggregates\aggregate_root.dart
DA:14,0
DA:17,3
DA:18,6
DA:31,3
DA:32,3
DA:33,3
DA:34,3
DA:35,3
DA:39,2
DA:42,2
DA:43,6
DA:44,6
DA:47,1
DA:48,3
DA:56,0
DA:59,0
DA:60,0
DA:61,0
DA:64,0
DA:65,0
LF:20
LH:13
end_of_record
SF:lib\domain\core\events\domain_event.dart
DA:15,3
DA:28,0
DA:29,0
DA:30,0
DA:31,0
DA:32,0
DA:36,0
DA:37,0
DA:38,0
DA:41,0
DA:44,0
DA:45,0
DA:46,0
DA:49,0
DA:50,0
DA:52,0
DA:53,0
DA:61,0
DA:64,3
DA:65,6
DA:69,0
DA:70,0
DA:74,0
LF:23
LH:3
end_of_record
SF:lib\domain\core\exceptions\domain_exceptions.dart
DA:14,0
DA:16,0
DA:17,0
DA:22,0
DA:27,0
DA:28,0
DA:33,0
DA:34,0
DA:39,0
DA:40,0
DA:47,0
DA:48,0
DA:53,0
DA:54,0
DA:59,0
DA:60,0
DA:67,0
DA:68,0
DA:73,0
DA:74,0
DA:79,0
DA:80,0
DA:85,0
DA:86,0
DA:93,0
DA:94,0
DA:99,0
DA:100,0
DA:105,0
DA:106,0
DA:111,0
DA:112,0
DA:119,0
DA:120,0
DA:125,0
DA:126,0
DA:131,0
DA:132,0
DA:137,0
DA:138,0
DA:145,0
DA:146,0
DA:154,0
DA:155,0
DA:160,0
DA:161,0
LF:46
LH:0
end_of_record
SF:lib\domain\core\services\domain_service.dart
DA:10,0
DA:13,2
DA:22,0
DA:23,0
DA:24,0
DA:33,0
DA:36,2
DA:37,4
DA:38,8
DA:42,0
DA:43,0
DA:46,2
DA:48,2
DA:49,2
DA:52,2
DA:53,2
DA:56,0
LF:17
LH:9
end_of_record
SF:lib\domain\task\events\task_events.dart
DA:11,3
DA:16,3
DA:17,3
DA:18,3
DA:21,0
DA:24,0
DA:25,0
DA:26,0
DA:27,0
DA:28,0
DA:29,0
DA:42,2
DA:49,2
DA:50,2
DA:51,2
DA:54,0
DA:57,0
DA:58,0
DA:59,0
DA:60,0
DA:61,0
DA:62,0
DA:63,0
DA:64,0
DA:75,1
DA:80,1
DA:81,1
DA:82,1
DA:85,0
DA:88,0
DA:89,0
DA:90,0
DA:91,0
DA:92,0
DA:93,0
DA:94,0
DA:108,1
DA:116,1
DA:117,1
DA:118,1
DA:121,0
DA:124,0
DA:125,0
DA:126,0
DA:127,0
DA:128,0
DA:129,0
DA:130,0
DA:131,0
DA:132,0
DA:133,0
DA:144,0
DA:148,0
DA:149,0
DA:150,0
DA:153,0
DA:156,0
DA:157,0
DA:158,0
DA:159,0
DA:160,0
DA:161,0
DA:173,0
DA:179,0
DA:180,0
DA:181,0
DA:184,0
DA:187,0
DA:188,0
DA:189,0
DA:190,0
DA:191,0
DA:192,0
DA:193,0
DA:205,0
DA:211,0
DA:212,0
DA:213,0
DA:216,0
DA:219,0
DA:220,0
DA:221,0
DA:222,0
DA:223,0
DA:224,0
DA:225,0
DA:226,0
DA:229,0
DA:230,0
DA:231,0
LF:90
LH:16
end_of_record
SF:lib\domain\task\specifications\task_specifications.dart
DA:9,1
DA:10,1
DA:11,2
DA:17,1
DA:18,2
DA:22,1
DA:23,1
DA:24,2
DA:30,1
DA:31,1
DA:32,4
DA:33,1
DA:35,1
DA:36,2
DA:37,2
DA:38,2
DA:44,1
DA:45,1
DA:46,2
DA:47,2
DA:48,2
DA:49,5
DA:54,1
DA:55,1
DA:56,3
DA:57,1
DA:62,1
DA:63,1
DA:64,4
DA:70,1
DA:71,1
DA:72,4
DA:73,1
DA:78,1
DA:79,1
DA:80,4
DA:81,1
DA:86,1
DA:87,3
DA:91,1
DA:92,1
DA:93,4
DA:94,2
DA:99,1
DA:100,3
DA:104,1
DA:105,1
DA:106,3
DA:107,4
DA:112,1
DA:113,3
DA:114,1
DA:118,1
DA:119,1
DA:120,2
DA:121,1
DA:122,2
DA:123,2
DA:124,5
DA:129,1
DA:130,1
DA:131,5
DA:132,1
DA:137,1
DA:138,1
DA:139,2
DA:140,4
DA:141,1
DA:146,1
DA:147,3
DA:151,0
DA:152,0
DA:153,0
DA:154,0
DA:158,1
DA:159,3
DA:160,3
DA:162,1
DA:163,2
DA:164,2
DA:165,4
DA:171,0
DA:172,0
DA:174,0
DA:175,0
DA:176,0
DA:177,0
DA:178,0
DA:183,1
DA:184,1
DA:185,4
DA:186,2
DA:191,1
DA:192,1
DA:196,1
DA:197,1
DA:201,0
DA:202,0
DA:203,0
DA:204,0
DA:205,0
DA:206,0
DA:211,1
DA:212,3
DA:214,1
DA:215,2
DA:216,3
DA:217,1
LF:108
LH:91
end_of_record
SF:lib\main.dart
DA:20,1
DA:21,1
DA:24,2
DA:27,0
DA:28,0
DA:29,0
DA:32,0
DA:35,0
DA:38,0
DA:39,0
DA:42,0
DA:45,0
DA:47,0
DA:48,0
DA:49,0
DA:50,0
DA:58,43
DA:60,1
DA:62,2
DA:64,1
DA:66,2
DA:67,1
DA:68,1
DA:69,1
DA:70,1
DA:71,1
DA:72,1
DA:73,1
DA:94,1
DA:95,1
DA:96,2
DA:97,1
DA:99,1
DA:100,1
DA:102,2
DA:103,3
DA:106,1
DA:107,4
DA:118,1
DA:129,1
DA:130,1
DA:131,2
DA:137,1
DA:138,1
DA:139,2
DA:143,1
DA:145,1
DA:147,1
DA:148,1
DA:149,2
DA:150,1
DA:153,1
DA:154,1
DA:155,1
DA:156,1
DA:157,1
DA:158,1
LF:57
LH:44
end_of_record
SF:lib\presentation\pages\auth\login_page.dart
DA:11,42
DA:13,1
DA:14,1
DA:26,1
DA:28,2
DA:29,2
DA:30,1
DA:33,0
DA:34,0
DA:36,0
DA:37,0
DA:38,0
DA:42,0
DA:44,0
DA:45,0
DA:46,0
DA:47,0
DA:50,0
DA:51,0
DA:52,0
DA:59,0
DA:60,0
DA:64,0
DA:65,0
DA:70,1
DA:72,1
DA:73,2
DA:74,1
DA:75,1
DA:76,1
DA:78,1
DA:80,1
DA:81,1
DA:82,1
DA:85,1
DA:87,1
DA:90,2
DA:94,1
DA:96,4
DA:98,2
DA:105,1
DA:106,1
DA:107,3
DA:114,1
DA:115,1
DA:119,0
DA:120,0
DA:123,0
DA:133,1
DA:134,1
DA:137,0
DA:138,0
DA:141,0
DA:151,1
DA:152,0
DA:154,0
DA:155,0
DA:156,0
DA:157,0
DA:159,0
DA:160,0
DA:161,0
DA:169,1
DA:170,2
DA:171,1
DA:173,1
DA:174,1
DA:177,1
DA:180,1
DA:181,0
DA:182,0
DA:183,0
DA:184,0
DA:187,1
DA:188,1
DA:194,1
DA:197,1
DA:198,1
DA:199,0
DA:200,0
DA:202,0
LF:81
LH:43
end_of_record
SF:lib\presentation\pages\home_page.dart
DA:14,8
DA:17,86
DA:19,2
DA:21,4
DA:23,2
DA:30,2
DA:31,2
DA:37,2
DA:43,2
DA:49,2
DA:57,2
DA:59,2
DA:62,2
DA:64,2
DA:65,4
DA:72,2
DA:74,2
DA:78,2
DA:83,2
DA:87,0
DA:88,0
DA:89,0
DA:96,2
DA:100,2
DA:105,2
DA:109,0
DA:110,0
DA:112,0
DA:113,0
DA:122,2
DA:123,2
DA:126,2
DA:128,6
DA:131,2
DA:135,2
DA:144,2
DA:150,2
DA:154,2
DA:155,2
DA:157,2
DA:158,2
DA:159,2
DA:166,2
DA:167,2
DA:169,2
DA:171,8
DA:172,2
DA:173,2
DA:174,2
DA:176,2
DA:179,1
DA:180,1
DA:183,1
DA:184,1
DA:185,1
DA:187,4
DA:190,2
DA:205,2
DA:218,2
DA:224,2
DA:225,2
DA:233,2
DA:235,2
DA:236,4
DA:241,4
DA:244,4
DA:245,2
DA:249,4
DA:250,4
DA:254,1
DA:256,1
DA:257,4
DA:258,2
DA:259,2
DA:261,2
DA:266,2
DA:268,4
DA:269,2
DA:272,2
DA:276,2
DA:278,6
DA:279,4
DA:280,4
DA:282,8
DA:283,2
DA:284,2
DA:288,2
DA:289,2
DA:290,2
DA:291,2
DA:293,2
DA:294,2
DA:295,0
DA:296,0
DA:301,2
DA:302,4
DA:304,8
DA:305,8
DA:306,8
DA:307,2
DA:308,2
DA:309,2
DA:310,2
DA:312,2
DA:314,2
DA:315,2
DA:317,2
DA:319,2
DA:323,2
DA:324,4
DA:325,8
DA:331,2
DA:332,4
DA:333,2
DA:334,16
DA:336,4
DA:337,6
DA:345,2
DA:347,2
DA:349,4
DA:350,4
DA:351,6
DA:354,8
DA:357,2
DA:359,4
DA:362,2
DA:363,6
LF:127
LH:118
end_of_record
SF:lib\presentation\widgets\common\forms\common_text_field.dart
DA:75,3
DA:101,2
DA:103,2
DA:105,2
DA:107,2
DA:108,2
DA:109,2
DA:111,2
DA:112,6
DA:113,2
DA:114,6
DA:123,2
DA:125,2
DA:126,2
DA:127,4
DA:128,2
DA:129,2
DA:130,2
DA:133,2
DA:134,2
DA:135,2
DA:136,2
DA:137,2
DA:138,0
DA:139,2
DA:140,2
DA:141,2
DA:143,0
DA:144,4
DA:147,2
DA:148,2
DA:149,2
DA:151,0
DA:152,4
DA:155,2
DA:156,2
DA:157,2
DA:159,0
DA:160,2
DA:164,2
DA:165,2
DA:166,2
DA:167,2
DA:171,2
DA:172,2
DA:173,2
DA:174,2
DA:178,2
DA:179,2
DA:180,2
DA:181,2
DA:183,2
DA:184,2
DA:185,2
DA:186,2
DA:187,2
DA:188,2
DA:189,2
DA:190,2
DA:191,2
DA:194,4
DA:195,4
DA:197,4
DA:206,0
DA:208,0
DA:210,0
DA:211,0
DA:222,2
DA:223,0
DA:225,0
DA:227,0
DA:228,0
LF:72
LH:60
end_of_record
SF:lib\presentation\widgets\common\forms\password_text_field.dart
DA:37,1
DA:51,1
DA:52,1
DA:58,0
DA:59,0
DA:60,0
DA:64,1
DA:66,1
DA:67,2
DA:68,2
DA:69,2
DA:70,2
DA:71,2
DA:72,2
DA:73,2
DA:74,2
DA:75,2
DA:76,2
DA:77,1
DA:78,1
DA:79,1
DA:80,1
DA:81,1
DA:82,1
DA:84,1
DA:85,1
LF:26
LH:23
end_of_record
SF:lib\presentation\widgets\common\forms\common_button.dart
DA:73,7
DA:93,6
DA:95,6
DA:98,6
DA:99,6
DA:101,6
DA:104,12
DA:106,24
DA:109,12
DA:110,6
DA:111,6
DA:113,6
DA:119,9
DA:120,3
DA:121,3
DA:123,0
DA:124,0
DA:129,12
DA:137,6
DA:138,1
DA:142,1
DA:143,1
DA:146,1
DA:148,1
DA:151,1
DA:153,1
DA:154,1
DA:155,1
DA:163,6
DA:167,6
DA:168,6
DA:169,8
DA:170,6
DA:172,6
DA:173,6
DA:174,6
DA:183,6
DA:185,12
DA:186,12
DA:187,7
DA:188,6
DA:189,6
DA:193,6
DA:195,6
DA:196,6
DA:197,6
DA:203,6
DA:204,12
DA:205,6
DA:206,6
DA:207,6
DA:209,6
DA:210,6
DA:211,0
DA:212,0
DA:213,0
DA:219,6
DA:220,12
DA:222,6
DA:223,12
DA:233,6
DA:234,6
DA:235,6
DA:236,6
DA:238,6
DA:240,6
DA:242,6
DA:245,12
DA:250,6
DA:251,7
DA:254,12
DA:257,6
DA:259,0
DA:261,0
DA:262,0
DA:268,6
DA:269,7
DA:272,12
DA:275,6
DA:277,0
DA:279,0
DA:280,0
DA:286,0
DA:288,0
DA:290,0
DA:292,0
DA:294,0
LF:87
LH:71
end_of_record
SF:lib\data\providers\prioritization_providers.dart
DA:8,12
DA:9,3
DA:13,15
DA:14,6
DA:15,6
DA:17,3
DA:25,0
DA:26,0
DA:29,0
DA:38,0
LF:10
LH:6
end_of_record
SF:lib\data\repositories\habit_repository.dart
DA:20,2
DA:21,2
DA:24,2
DA:27,2
DA:29,2
DA:30,4
DA:33,0
DA:35,0
DA:36,0
DA:39,0
DA:41,0
DA:42,0
DA:45,0
DA:47,0
DA:48,0
DA:49,0
DA:50,0
DA:54,0
DA:56,0
DA:57,0
DA:60,0
DA:62,0
DA:63,0
DA:66,0
DA:68,0
DA:69,0
DA:74,8
DA:75,2
DA:79,8
DA:80,4
DA:81,2
DA:85,0
DA:86,0
DA:87,0
LF:34
LH:11
end_of_record
SF:lib\domain\models\core\builders\custom_list_builder.dart
DA:15,0
DA:17,0
DA:18,0
DA:22,0
DA:23,0
DA:27,0
DA:28,0
DA:32,0
DA:33,0
DA:37,0
DA:38,0
DA:42,0
DA:43,0
DA:47,0
DA:48,0
DA:52,0
DA:53,0
DA:54,0
DA:55,0
DA:56,0
DA:57,0
DA:58,0
DA:59,0
DA:60,0
DA:61,0
LF:25
LH:0
end_of_record
SF:lib\domain\services\core\agent_monitoring_service.dart
DA:30,0
DA:41,0
DA:48,0
DA:49,0
DA:50,0
DA:51,0
DA:52,0
DA:53,0
DA:54,0
DA:55,0
DA:56,0
DA:62,0
DA:63,0
DA:66,0
DA:67,0
DA:69,0
DA:70,0
DA:79,0
DA:88,0
DA:98,0
DA:107,0
DA:117,0
DA:126,0
DA:138,0
DA:139,0
DA:141,0
DA:142,0
DA:143,0
DA:145,0
DA:147,0
DA:148,0
DA:149,0
DA:155,0
DA:156,0
DA:157,0
DA:158,0
DA:161,0
DA:162,0
DA:163,0
DA:166,0
DA:167,0
DA:168,0
DA:169,0
DA:174,0
DA:175,0
DA:176,0
DA:178,0
DA:180,0
DA:184,0
DA:185,0
DA:186,0
DA:189,0
DA:190,0
DA:191,0
DA:194,0
DA:195,0
DA:196,0
DA:199,0
DA:200,0
DA:201,0
LF:60
LH:0
end_of_record
SF:lib\infrastructure\services\user_data_service.dart
DA:7,0
DA:9,0
DA:15,0
DA:16,0
DA:18,0
DA:22,0
DA:23,0
DA:24,0
DA:25,0
DA:28,0
DA:29,0
DA:30,0
DA:31,0
DA:34,0
DA:35,0
DA:36,0
DA:37,0
DA:40,0
DA:41,0
DA:42,0
DA:43,0
DA:46,0
DA:51,0
DA:52,0
DA:54,0
DA:55,0
DA:59,0
DA:60,0
DA:61,0
DA:65,0
DA:68,0
DA:69,0
DA:70,0
DA:74,0
DA:77,0
DA:78,0
DA:79,0
DA:83,0
DA:86,0
DA:91,0
DA:92,0
DA:94,0
DA:98,0
DA:99,0
DA:100,0
DA:101,0
DA:103,0
DA:106,0
DA:107,0
DA:108,0
DA:109,0
DA:111,0
DA:114,0
DA:115,0
DA:116,0
DA:117,0
DA:119,0
DA:121,0
DA:125,0
DA:126,0
DA:127,0
DA:130,0
DA:135,0
DA:136,0
DA:138,0
DA:142,0
DA:143,0
DA:144,0
DA:145,0
DA:146,0
DA:149,0
DA:150,0
DA:151,0
DA:152,0
DA:153,0
DA:155,0
DA:156,0
DA:157,0
DA:159,0
DA:162,0
DA:167,0
DA:168,0
LF:82
LH:0
end_of_record
SF:lib\l10n\app_localizations.dart
DA:67,1
DA:68,2
DA:72,1
DA:73,1
DA:1212,42
DA:1214,1
DA:1216,2
DA:1219,1
DA:1221,3
DA:1223,0
DA:1227,1
DA:1229,1
DA:1230,1
DA:1231,0
DA:1232,1
DA:1233,1
DA:1234,0
DA:1235,0
DA:1236,0
DA:1237,0
DA:1240,0
LF:21
LH:14
end_of_record
SF:lib\l10n\app_localizations_de.dart
DA:9,0
DA:11,0
DA:14,0
DA:17,0
DA:20,0
DA:23,0
DA:26,0
DA:29,0
DA:32,0
DA:35,0
DA:38,0
DA:41,0
DA:44,0
DA:47,0
DA:50,0
DA:53,0
DA:56,0
DA:59,0
DA:62,0
DA:65,0
DA:68,0
DA:71,0
DA:74,0
DA:77,0
DA:80,0
DA:83,0
DA:86,0
DA:89,0
DA:92,0
DA:95,0
DA:98,0
DA:101,0
DA:104,0
DA:107,0
DA:110,0
DA:113,0
DA:116,0
DA:119,0
DA:122,0
DA:125,0
DA:128,0
DA:131,0
DA:134,0
DA:137,0
DA:140,0
DA:143,0
DA:146,0
DA:149,0
DA:152,0
DA:155,0
DA:158,0
DA:161,0
DA:164,0
DA:167,0
DA:170,0
DA:173,0
DA:176,0
DA:179,0
DA:182,0
DA:185,0
DA:188,0
DA:191,0
DA:194,0
DA:197,0
DA:200,0
DA:203,0
DA:206,0
DA:209,0
DA:212,0
DA:215,0
DA:218,0
DA:221,0
DA:224,0
DA:227,0
DA:230,0
DA:233,0
DA:236,0
DA:239,0
DA:242,0
DA:245,0
DA:248,0
DA:251,0
DA:254,0
DA:257,0
DA:260,0
DA:263,0
DA:266,0
DA:269,0
DA:272,0
DA:275,0
DA:278,0
DA:281,0
DA:284,0
DA:287,0
DA:290,0
DA:293,0
DA:296,0
DA:299,0
DA:302,0
DA:305,0
DA:308,0
DA:311,0
DA:314,0
DA:317,0
DA:320,0
DA:323,0
DA:326,0
DA:329,0
DA:332,0
DA:335,0
DA:338,0
DA:341,0
DA:344,0
DA:347,0
DA:350,0
DA:353,0
DA:356,0
DA:359,0
DA:362,0
DA:365,0
DA:368,0
DA:371,0
DA:374,0
DA:377,0
DA:380,0
DA:383,0
DA:386,0
DA:389,0
DA:392,0
DA:395,0
DA:398,0
DA:401,0
DA:404,0
DA:407,0
DA:410,0
DA:413,0
DA:416,0
DA:419,0
DA:422,0
DA:425,0
DA:428,0
DA:431,0
DA:434,0
DA:437,0
DA:440,0
DA:443,0
DA:446,0
DA:449,0
DA:452,0
DA:455,0
DA:458,0
DA:461,0
DA:464,0
DA:467,0
DA:470,0
DA:473,0
DA:476,0
DA:479,0
DA:482,0
DA:485,0
DA:488,0
DA:491,0
DA:494,0
DA:497,0
DA:500,0
DA:503,0
DA:506,0
DA:509,0
DA:512,0
DA:515,0
DA:518,0
DA:521,0
DA:524,0
DA:527,0
DA:530,0
DA:533,0
DA:536,0
DA:539,0
DA:542,0
DA:545,0
DA:548,0
DA:551,0
DA:554,0
DA:557,0
DA:560,0
LF:185
LH:0
end_of_record
SF:lib\l10n\app_localizations_en.dart
DA:9,2
DA:11,0
DA:14,0
DA:17,0
DA:20,0
DA:23,0
DA:26,0
DA:29,0
DA:32,0
DA:35,0
DA:38,0
DA:41,0
DA:44,0
DA:47,0
DA:50,0
DA:53,0
DA:56,0
DA:59,0
DA:62,0
DA:65,0
DA:68,0
DA:71,0
DA:74,0
DA:77,0
DA:80,0
DA:83,0
DA:86,0
DA:89,0
DA:92,0
DA:95,0
DA:98,0
DA:101,0
DA:104,0
DA:107,0
DA:110,0
DA:113,0
DA:116,0
DA:119,0
DA:122,0
DA:125,0
DA:128,0
DA:131,0
DA:134,0
DA:137,0
DA:140,0
DA:143,0
DA:146,0
DA:149,0
DA:152,0
DA:155,0
DA:158,0
DA:161,0
DA:164,0
DA:167,0
DA:170,0
DA:173,0
DA:176,0
DA:179,0
DA:182,0
DA:185,0
DA:188,0
DA:191,0
DA:194,0
DA:197,0
DA:200,0
DA:203,0
DA:206,0
DA:209,0
DA:212,0
DA:215,0
DA:218,0
DA:221,0
DA:224,0
DA:227,0
DA:230,0
DA:233,0
DA:236,0
DA:239,0
DA:242,0
DA:245,0
DA:248,0
DA:251,0
DA:254,0
DA:257,0
DA:260,0
DA:263,0
DA:266,0
DA:269,0
DA:272,0
DA:275,0
DA:278,0
DA:281,0
DA:284,0
DA:287,0
DA:290,0
DA:293,0
DA:296,0
DA:299,0
DA:302,0
DA:305,0
DA:308,0
DA:311,0
DA:314,0
DA:317,0
DA:320,0
DA:323,0
DA:326,0
DA:329,0
DA:332,0
DA:335,0
DA:338,0
DA:341,0
DA:344,0
DA:347,0
DA:350,0
DA:353,0
DA:356,0
DA:359,0
DA:362,0
DA:365,0
DA:368,0
DA:371,0
DA:374,0
DA:377,0
DA:380,0
DA:383,0
DA:386,0
DA:389,0
DA:392,0
DA:395,0
DA:398,0
DA:401,0
DA:404,0
DA:407,0
DA:410,0
DA:413,0
DA:416,0
DA:419,0
DA:422,0
DA:425,0
DA:428,0
DA:431,0
DA:434,0
DA:437,0
DA:440,0
DA:443,0
DA:446,0
DA:449,0
DA:452,0
DA:455,0
DA:458,0
DA:461,0
DA:464,0
DA:467,0
DA:470,0
DA:473,0
DA:476,0
DA:479,0
DA:482,0
DA:485,0
DA:488,0
DA:491,0
DA:494,0
DA:497,0
DA:500,0
DA:503,0
DA:506,0
DA:509,0
DA:512,0
DA:515,0
DA:518,0
DA:521,0
DA:524,0
DA:527,0
DA:530,0
DA:533,0
DA:536,0
DA:539,0
DA:542,0
DA:545,0
DA:548,0
DA:551,0
DA:554,0
DA:557,0
DA:560,0
LF:185
LH:1
end_of_record
SF:lib\l10n\app_localizations_es.dart
DA:9,0
DA:11,0
DA:14,0
DA:17,0
DA:20,0
DA:23,0
DA:26,0
DA:29,0
DA:32,0
DA:35,0
DA:38,0
DA:41,0
DA:44,0
DA:47,0
DA:50,0
DA:53,0
DA:56,0
DA:59,0
DA:62,0
DA:65,0
DA:68,0
DA:71,0
DA:74,0
DA:77,0
DA:80,0
DA:83,0
DA:86,0
DA:89,0
DA:92,0
DA:95,0
DA:98,0
DA:101,0
DA:104,0
DA:107,0
DA:110,0
DA:113,0
DA:116,0
DA:119,0
DA:122,0
DA:125,0
DA:128,0
DA:131,0
DA:134,0
DA:137,0
DA:140,0
DA:143,0
DA:146,0
DA:149,0
DA:152,0
DA:155,0
DA:158,0
DA:161,0
DA:164,0
DA:167,0
DA:170,0
DA:173,0
DA:176,0
DA:179,0
DA:182,0
DA:185,0
DA:188,0
DA:191,0
DA:194,0
DA:197,0
DA:200,0
DA:203,0
DA:206,0
DA:209,0
DA:212,0
DA:215,0
DA:218,0
DA:221,0
DA:224,0
DA:227,0
DA:230,0
DA:233,0
DA:236,0
DA:239,0
DA:242,0
DA:245,0
DA:248,0
DA:251,0
DA:254,0
DA:257,0
DA:260,0
DA:263,0
DA:266,0
DA:269,0
DA:272,0
DA:275,0
DA:278,0
DA:281,0
DA:284,0
DA:287,0
DA:290,0
DA:293,0
DA:296,0
DA:299,0
DA:302,0
DA:305,0
DA:308,0
DA:311,0
DA:314,0
DA:317,0
DA:320,0
DA:323,0
DA:326,0
DA:329,0
DA:332,0
DA:335,0
DA:338,0
DA:341,0
DA:344,0
DA:347,0
DA:350,0
DA:353,0
DA:356,0
DA:359,0
DA:362,0
DA:365,0
DA:368,0
DA:371,0
DA:374,0
DA:377,0
DA:380,0
DA:383,0
DA:386,0
DA:389,0
DA:392,0
DA:395,0
DA:398,0
DA:401,0
DA:404,0
DA:407,0
DA:410,0
DA:413,0
DA:416,0
DA:419,0
DA:422,0
DA:425,0
DA:428,0
DA:431,0
DA:434,0
DA:437,0
DA:440,0
DA:443,0
DA:446,0
DA:449,0
DA:452,0
DA:455,0
DA:458,0
DA:461,0
DA:464,0
DA:467,0
DA:470,0
DA:473,0
DA:476,0
DA:479,0
DA:482,0
DA:485,0
DA:488,0
DA:491,0
DA:494,0
DA:497,0
DA:500,0
DA:503,0
DA:506,0
DA:509,0
DA:512,0
DA:515,0
DA:518,0
DA:521,0
DA:524,0
DA:527,0
DA:530,0
DA:533,0
DA:536,0
DA:539,0
DA:542,0
DA:545,0
DA:548,0
DA:551,0
DA:554,0
DA:557,0
DA:560,0
LF:185
LH:0
end_of_record
SF:lib\l10n\app_localizations_fr.dart
DA:9,0
DA:11,0
DA:14,0
DA:17,0
DA:20,0
DA:23,0
DA:26,0
DA:29,0
DA:32,0
DA:35,0
DA:38,0
DA:41,0
DA:44,0
DA:47,0
DA:50,0
DA:53,0
DA:56,0
DA:59,0
DA:62,0
DA:65,0
DA:68,0
DA:71,0
DA:74,0
DA:77,0
DA:80,0
DA:83,0
DA:86,0
DA:89,0
DA:92,0
DA:95,0
DA:98,0
DA:101,0
DA:104,0
DA:107,0
DA:110,0
DA:113,0
DA:116,0
DA:119,0
DA:122,0
DA:125,0
DA:128,0
DA:131,0
DA:134,0
DA:137,0
DA:140,0
DA:143,0
DA:146,0
DA:149,0
DA:152,0
DA:155,0
DA:158,0
DA:161,0
DA:164,0
DA:167,0
DA:170,0
DA:173,0
DA:176,0
DA:179,0
DA:182,0
DA:185,0
DA:188,0
DA:191,0
DA:194,0
DA:197,0
DA:200,0
DA:203,0
DA:206,0
DA:209,0
DA:212,0
DA:215,0
DA:218,0
DA:221,0
DA:224,0
DA:227,0
DA:230,0
DA:233,0
DA:236,0
DA:239,0
DA:242,0
DA:245,0
DA:248,0
DA:251,0
DA:254,0
DA:257,0
DA:260,0
DA:263,0
DA:266,0
DA:269,0
DA:272,0
DA:275,0
DA:278,0
DA:281,0
DA:284,0
DA:287,0
DA:290,0
DA:293,0
DA:296,0
DA:299,0
DA:302,0
DA:305,0
DA:308,0
DA:311,0
DA:314,0
DA:317,0
DA:320,0
DA:323,0
DA:326,0
DA:329,0
DA:332,0
DA:335,0
DA:338,0
DA:341,0
DA:344,0
DA:347,0
DA:350,0
DA:353,0
DA:356,0
DA:359,0
DA:362,0
DA:365,0
DA:368,0
DA:371,0
DA:374,0
DA:377,0
DA:380,0
DA:383,0
DA:386,0
DA:389,0
DA:392,0
DA:395,0
DA:398,0
DA:401,0
DA:404,0
DA:407,0
DA:410,0
DA:413,0
DA:416,0
DA:419,0
DA:422,0
DA:425,0
DA:428,0
DA:431,0
DA:434,0
DA:437,0
DA:440,0
DA:443,0
DA:446,0
DA:449,0
DA:452,0
DA:455,0
DA:458,0
DA:461,0
DA:464,0
DA:467,0
DA:470,0
DA:473,0
DA:476,0
DA:479,0
DA:482,0
DA:485,0
DA:488,0
DA:491,0
DA:494,0
DA:497,0
DA:500,0
DA:503,0
DA:506,0
DA:509,0
DA:512,0
DA:515,0
DA:518,0
DA:521,0
DA:524,0
DA:527,0
DA:530,0
DA:533,0
DA:536,0
DA:539,0
DA:542,0
DA:545,0
DA:548,0
DA:551,0
DA:554,0
DA:557,0
DA:560,0
LF:185
LH:0
end_of_record
SF:lib\presentation\routes\app_routes.dart
DA:20,0
DA:21,0
DA:22,0
DA:26,0
DA:28,0
DA:30,0
DA:34,0
DA:37,0
DA:38,0
DA:39,0
DA:40,0
DA:45,0
DA:46,0
DA:48,0
DA:49,0
DA:56,0
DA:59,0
DA:60,0
DA:66,0
DA:70,0
DA:71,0
DA:72,0
DA:73,0
DA:76,0
DA:77,0
DA:79,0
DA:86,0
DA:92,0
DA:93,0
DA:104,0
DA:105,0
DA:107,0
DA:112,0
DA:113,0
DA:115,0
LF:35
LH:0
end_of_record
SF:lib\presentation\pages\auth\auth_wrapper.dart
DA:9,42
DA:11,1
DA:13,2
DA:16,1
DA:23,1
DA:26,1
DA:27,1
LF:7
LH:7
end_of_record
SF:lib\presentation\animations\page_transitions.dart
DA:8,0
DA:21,0
DA:22,0
DA:23,0
DA:26,0
DA:29,0
DA:30,0
DA:31,0
DA:34,0
DA:43,0
DA:44,0
DA:45,0
DA:48,0
DA:51,0
DA:52,0
DA:53,0
DA:56,0
DA:65,0
DA:66,0
DA:67,0
DA:70,0
DA:71,0
DA:72,0
DA:73,0
DA:82,0
DA:83,0
DA:84,0
DA:87,0
DA:90,0
DA:91,0
DA:93,0
DA:94,0
DA:96,0
DA:97,0
DA:100,0
DA:102,0
DA:112,0
DA:113,0
DA:114,0
DA:117,0
DA:120,0
DA:121,0
DA:123,0
DA:124,0
DA:126,0
DA:127,0
DA:130,0
DA:132,0
DA:142,0
DA:143,0
DA:144,0
DA:147,0
DA:148,0
DA:159,0
DA:160,0
DA:161,0
DA:164,0
DA:165,0
DA:176,0
DA:177,0
DA:178,0
DA:181,0
DA:184,0
DA:185,0
DA:187,0
DA:188,0
DA:190,0
DA:191,0
DA:194,0
DA:196,0
DA:197,0
DA:206,0
DA:207,0
DA:208,0
DA:211,0
DA:215,0
DA:216,0
DA:217,0
DA:223,0
DA:224,0
DA:225,0
DA:228,0
DA:230,0
DA:253,0
DA:260,0
DA:262,0
DA:264,0
DA:265,0
DA:266,0
DA:267,0
DA:268,0
DA:269,0
DA:270,0
DA:272,0
DA:274,0
DA:275,0
DA:276,0
DA:277,0
DA:284,0
DA:285,0
DA:286,0
DA:287,0
DA:289,0
DA:290,0
DA:292,0
DA:293,0
DA:294,0
DA:295,0
DA:302,0
DA:314,0
DA:322,0
DA:323,0
DA:329,0
DA:331,0
DA:332,0
DA:333,0
DA:336,0
DA:338,0
DA:339,0
DA:342,0
DA:343,0
DA:344,0
DA:345,0
DA:350,0
DA:352,0
DA:353,0
DA:356,0
DA:357,0
DA:364,0
DA:365,0
DA:369,0
DA:370,0
DA:374,0
DA:375,0
DA:379,0
DA:380,0
LF:136
LH:0
end_of_record
SF:lib\presentation\services\debug\overflow_audit_service.dart
DA:6,0
DA:7,0
DA:8,0
DA:11,0
DA:14,0
DA:17,0
DA:18,0
DA:23,0
DA:25,0
DA:26,0
DA:27,0
DA:29,0
DA:34,0
DA:35,0
DA:36,0
DA:38,0
DA:39,0
DA:40,0
DA:41,0
DA:42,0
DA:46,0
DA:49,0
DA:50,0
DA:54,0
DA:55,0
DA:56,0
DA:57,0
DA:59,0
DA:60,0
DA:61,0
DA:62,0
DA:64,0
DA:65,0
DA:66,0
DA:67,0
DA:68,0
DA:71,0
DA:75,0
DA:76,0
DA:77,0
DA:78,0
DA:84,0
DA:85,0
DA:86,0
DA:90,0
DA:91,0
DA:93,0
DA:94,0
DA:95,0
DA:96,0
DA:103,0
DA:104,0
DA:105,0
DA:107,0
DA:112,0
DA:113,0
DA:115,0
DA:123,0
DA:124,0
DA:126,0
DA:133,0
DA:138,0
DA:139,0
DA:140,0
DA:153,0
DA:162,0
DA:163,0
DA:164,0
DA:167,0
DA:168,0
DA:170,0
DA:171,0
DA:173,0
DA:175,0
DA:179,0
DA:181,0
DA:185,0
DA:186,0
DA:188,0
DA:194,0
DA:196,0
DA:197,0
DA:198,0
DA:199,0
DA:200,0
DA:201,0
DA:205,0
DA:207,0
DA:219,0
DA:221,0
LF:90
LH:0
end_of_record
SF:lib\presentation\mixins\animation_lifecycle_mixin.dart
DA:10,5
DA:11,10
DA:15,0
DA:16,0
DA:17,0
DA:18,0
DA:19,0
DA:25,0
DA:26,0
DA:27,0
DA:32,0
DA:33,0
DA:34,0
DA:39,0
DA:40,0
DA:42,0
DA:44,0
DA:48,5
DA:51,10
DA:52,5
DA:53,5
DA:55,10
DA:56,5
DA:65,5
DA:71,5
DA:73,5
DA:81,5
DA:83,5
DA:84,10
DA:85,5
DA:88,5
DA:90,10
DA:91,5
DA:94,0
DA:96,0
DA:97,0
DA:98,0
DA:99,0
DA:101,0
DA:105,5
DA:106,15
DA:107,5
DA:109,10
DA:111,5
DA:112,10
DA:113,0
DA:114,0
DA:116,0
DA:122,5
DA:124,10
DA:131,0
DA:132,0
DA:133,0
DA:138,0
DA:139,0
DA:140,0
DA:142,0
DA:146,0
DA:147,0
DA:148,0
DA:150,0
DA:154,0
DA:155,0
DA:156,0
DA:161,0
DA:162,0
DA:163,0
DA:168,0
DA:171,0
LF:69
LH:26
end_of_record
SF:lib\presentation\pages\agents_monitoring_page.dart
DA:6,84
DA:8,0
DA:10,0
DA:11,0
DA:12,0
DA:14,0
DA:15,0
DA:17,0
DA:19,0
DA:21,0
DA:23,0
DA:24,0
DA:34,0
DA:35,0
DA:36,0
DA:37,0
DA:38,0
DA:39,0
DA:49,0
DA:51,0
DA:53,0
DA:55,0
DA:57,0
DA:66,0
DA:68,0
DA:69,0
DA:71,0
DA:74,0
DA:76,0
DA:79,0
DA:81,0
DA:84,0
DA:86,0
DA:92,0
DA:94,0
DA:95,0
DA:96,0
DA:100,0
DA:101,0
DA:110,0
DA:111,0
DA:112,0
DA:113,0
DA:115,0
DA:116,0
DA:119,0
DA:120,0
DA:121,0
DA:129,0
DA:137,0
DA:138,0
DA:140,0
DA:141,0
DA:142,0
DA:143,0
DA:144,0
DA:148,0
DA:149,0
DA:152,0
DA:154,0
DA:155,0
DA:156,0
DA:157,0
DA:158,0
DA:161,0
DA:162,0
DA:167,0
DA:170,0
DA:171,0
DA:172,0
DA:173,0
DA:182,0
DA:184,0
DA:186,0
DA:188,0
DA:190,0
DA:195,0
DA:197,0
DA:199,0
DA:201,0
DA:203,0
DA:205,0
DA:207,0
DA:209,0
DA:214,0
DA:219,0
DA:223,0
DA:227,0
DA:231,0
DA:237,0
DA:238,0
LF:91
LH:1
end_of_record
SF:lib\presentation\widgets\dialogs\forgot_password_dialog.dart
DA:10,42
DA:12,0
DA:13,0
DA:24,0
DA:26,0
DA:27,0
DA:30,0
DA:31,0
DA:33,0
DA:34,0
DA:35,0
DA:39,0
DA:40,0
DA:42,0
DA:43,0
DA:47,0
DA:48,0
DA:51,0
DA:52,0
DA:57,0
DA:59,0
DA:60,0
DA:61,0
DA:67,0
DA:68,0
DA:69,0
DA:70,0
DA:75,0
DA:76,0
DA:78,0
DA:79,0
DA:80,0
DA:83,0
DA:94,0
DA:95,0
DA:99,0
DA:100,0
DA:103,0
DA:110,0
DA:112,0
DA:114,0
DA:115,0
DA:116,0
DA:117,0
DA:119,0
DA:120,0
DA:121,0
DA:132,0
DA:133,0
DA:135,0
DA:136,0
DA:139,0
DA:142,0
DA:144,0
DA:146,0
DA:151,0
DA:152,0
DA:161,0
DA:163,0
DA:165,0
DA:173,0
DA:174,0
DA:175,0
DA:176,0
DA:179,0
DA:180,0
DA:182,0
DA:187,0
DA:188,0
DA:189,0
DA:190,0
LF:71
LH:1
end_of_record
SF:lib\presentation\pages\duel\widgets\duel_header_widget.dart
DA:9,42
DA:11,0
DA:13,0
DA:14,0
DA:15,0
DA:18,0
DA:20,0
DA:21,0
DA:22,0
DA:24,0
DA:26,0
DA:35,0
DA:36,0
DA:39,0
DA:40,0
DA:44,0
DA:45,0
DA:46,0
DA:55,0
DA:56,0
DA:64,0
DA:65,0
DA:67,0
DA:73,0
DA:74,0
DA:76,0
DA:77,0
LF:27
LH:1
end_of_record
SF:lib\presentation\pages\duel\widgets\duel_task_card.dart
DA:25,0
DA:33,0
DA:35,0
DA:36,0
DA:37,0
DA:40,0
DA:41,0
DA:43,0
DA:45,0
DA:48,0
DA:49,0
DA:50,0
DA:52,0
DA:57,0
DA:58,0
DA:61,0
DA:70,0
DA:71,0
DA:72,0
DA:77,0
DA:87,0
DA:88,0
DA:90,0
DA:91,0
DA:92,0
DA:94,0
DA:100,0
DA:101,0
DA:102,0
DA:103,0
DA:111,0
DA:112,0
DA:116,0
DA:118,0
DA:119,0
DA:120,0
DA:121,0
DA:131,0
DA:132,0
DA:136,0
DA:137,0
DA:138,0
DA:139,0
DA:140,0
DA:146,0
DA:147,0
DA:149,0
DA:151,0
DA:152,0
DA:154,0
DA:156,0
DA:157,0
DA:158,0
DA:168,0
DA:169,0
DA:171,0
DA:179,0
DA:180,0
DA:182,0
DA:183,0
DA:186,0
DA:188,0
DA:198,0
DA:199,0
DA:202,0
DA:204,0
DA:205,0
DA:208,0
DA:209,0
DA:210,0
DA:220,0
DA:221,0
DA:222,0
DA:224,0
DA:226,0
DA:228,0
DA:229,0
DA:231,0
LF:78
LH:0
end_of_record
SF:lib\presentation\theme\glassmorphism.dart
DA:10,1
DA:23,1
DA:27,1
DA:29,1
DA:30,1
DA:31,1
DA:33,1
DA:34,1
DA:36,1
DA:37,1
DA:50,0
DA:55,0
DA:56,0
DA:58,0
DA:59,0
DA:60,0
DA:61,0
DA:62,0
DA:72,0
DA:81,0
DA:82,0
DA:83,0
DA:85,0
DA:88,0
DA:91,0
DA:92,0
DA:97,0
DA:98,0
DA:99,0
DA:111,0
DA:118,0
DA:121,0
DA:123,0
DA:124,0
DA:125,0
DA:126,0
DA:127,0
DA:129,0
DA:130,0
DA:133,0
DA:134,0
DA:135,0
DA:141,0
DA:142,0
DA:144,0
DA:148,0
DA:149,0
DA:153,0
DA:163,0
DA:171,0
DA:173,0
DA:176,0
DA:178,0
DA:179,0
DA:180,0
DA:181,0
DA:182,0
DA:184,0
DA:185,0
DA:188,0
DA:189,0
DA:190,0
DA:205,0
DA:211,0
DA:212,0
DA:213,0
DA:216,0
DA:221,0
DA:222,0
DA:223,0
DA:233,0
DA:240,0
DA:242,0
DA:243,0
DA:244,0
DA:245,0
DA:246,0
DA:248,0
DA:249,0
DA:252,0
DA:253,0
DA:254,0
DA:267,1
DA:276,1
DA:288,0
DA:294,0
DA:295,0
DA:297,0
DA:302,0
DA:303,0
DA:305,0
DA:306,0
DA:307,0
DA:313,0
DA:322,0
DA:329,0
DA:333,0
DA:334,0
DA:336,0
DA:337,0
DA:338,0
DA:339,0
DA:340,0
DA:343,0
DA:344,0
DA:345,0
DA:373,1
DA:383,1
DA:384,1
DA:393,1
DA:395,1
DA:396,2
DA:401,2
DA:404,2
DA:405,1
DA:409,2
DA:410,2
DA:411,3
DA:412,2
DA:413,1
DA:418,1
DA:420,2
DA:421,1
DA:424,0
DA:425,0
DA:428,0
DA:429,0
DA:430,0
DA:433,0
DA:434,0
DA:437,1
DA:439,1
DA:440,1
DA:441,1
DA:442,1
DA:443,1
DA:444,1
DA:445,1
DA:446,1
DA:447,2
DA:448,1
DA:449,2
DA:450,1
DA:451,1
DA:452,2
DA:453,2
DA:455,1
DA:456,2
DA:460,1
DA:461,5
DA:462,2
DA:463,1
DA:464,3
DA:467,1
DA:468,1
DA:469,3
DA:475,2
DA:490,0
DA:495,0
DA:503,0
DA:508,0
DA:516,0
DA:521,0
DA:535,0
DA:541,0
DA:542,0
DA:550,0
DA:552,0
DA:553,0
DA:554,0
DA:558,0
DA:560,0
DA:561,0
DA:562,0
DA:566,0
DA:569,0
DA:571,0
DA:572,0
DA:575,0
DA:577,0
DA:578,0
DA:579,0
DA:580,0
DA:581,0
DA:582,0
DA:585,0
DA:598,0
DA:604,0
DA:605,0
DA:613,0
DA:615,0
DA:616,0
DA:617,0
DA:621,0
DA:623,0
DA:624,0
DA:625,0
DA:629,0
DA:632,0
DA:634,0
DA:635,0
DA:638,0
DA:640,0
DA:641,0
DA:642,0
DA:643,0
DA:644,0
DA:646,0
DA:648,0
DA:661,0
DA:667,0
DA:668,0
DA:676,0
DA:678,0
DA:679,0
DA:680,0
DA:684,0
DA:685,0
DA:686,0
DA:687,0
DA:688,0
DA:692,0
DA:695,0
DA:697,0
DA:698,0
DA:701,0
DA:703,0
DA:704,0
DA:705,0
DA:706,0
DA:707,0
DA:708,0
LF:232
LH:56
end_of_record
SF:lib\presentation\widgets\common\displays\premium_card.dart
DA:25,5
DA:39,5
DA:40,5
DA:50,5
DA:52,5
DA:53,10
DA:54,10
DA:59,10
DA:61,10
DA:64,10
DA:65,5
DA:69,10
DA:72,10
DA:73,5
DA:78,5
DA:81,5
DA:84,0
DA:85,0
DA:87,0
DA:88,0
DA:92,0
DA:94,0
DA:98,5
DA:100,5
DA:101,0
DA:102,0
DA:104,5
DA:105,5
DA:106,5
DA:107,5
DA:108,10
DA:109,5
DA:110,0
DA:111,0
DA:112,5
DA:113,10
DA:114,5
DA:115,10
DA:116,5
DA:117,5
DA:118,10
DA:119,10
DA:121,10
DA:122,5
DA:123,5
DA:124,0
DA:128,10
DA:129,0
DA:130,5
DA:131,5
DA:132,25
DA:133,20
DA:134,20
DA:137,5
DA:138,25
DA:139,15
DA:140,25
DA:145,5
DA:146,10
DA:147,5
DA:148,10
DA:149,10
DA:175,0
DA:188,0
DA:189,0
DA:197,0
DA:199,0
DA:200,0
DA:205,0
DA:208,0
DA:209,0
DA:214,0
DA:216,0
DA:217,0
DA:220,0
DA:221,0
DA:226,0
DA:228,0
DA:232,0
DA:234,0
DA:235,0
DA:236,0
DA:237,0
DA:238,0
DA:239,0
DA:240,0
DA:241,0
DA:242,0
DA:243,0
DA:244,0
DA:245,0
DA:247,0
DA:250,0
DA:251,0
DA:252,0
DA:253,0
DA:259,0
DA:260,0
DA:261,0
DA:262,0
DA:263,0
DA:266,0
DA:273,0
DA:275,0
DA:276,0
DA:277,0
DA:278,0
DA:279,0
DA:281,0
DA:282,0
DA:283,0
DA:285,0
DA:288,0
DA:289,0
DA:290,0
DA:293,0
DA:295,0
DA:296,0
DA:302,0
DA:303,0
DA:304,0
DA:306,0
DA:307,0
DA:314,0
DA:315,0
DA:316,0
DA:317,0
DA:320,0
DA:321,0
LF:129
LH:50
end_of_record
SF:lib\presentation\pages\duel\widgets\vs_separator_widget.dart
DA:9,42
DA:11,0
DA:13,0
DA:15,0
DA:16,0
DA:18,0
DA:19,0
DA:26,0
DA:27,0
DA:30,0
DA:31,0
DA:32,0
DA:33,0
DA:38,0
DA:43,0
DA:44,0
DA:46,0
DA:51,0
DA:52,0
DA:53,0
LF:20
LH:1
end_of_record
SF:lib\presentation\pages\duel_page.dart
DA:14,16
DA:17,0
DA:18,0
DA:21,44
DA:23,4
DA:24,4
DA:32,4
DA:35,4
DA:37,4
DA:39,12
DA:40,4
DA:41,4
DA:47,4
DA:50,20
DA:53,4
DA:56,0
DA:62,4
DA:64,4
DA:65,4
DA:66,4
DA:67,4
DA:72,4
DA:73,12
DA:75,4
DA:77,4
DA:78,4
DA:83,4
DA:84,4
DA:85,4
DA:92,4
DA:93,4
DA:94,4
DA:104,4
DA:105,4
DA:106,4
DA:107,0
DA:108,0
DA:110,4
DA:113,4
DA:114,4
DA:118,4
DA:119,4
DA:126,4
DA:127,4
DA:131,4
DA:132,4
DA:135,0
DA:138,4
DA:139,4
DA:140,4
DA:142,4
DA:143,4
DA:145,4
DA:147,4
DA:154,4
DA:155,4
DA:158,20
DA:163,4
DA:164,4
DA:166,16
DA:171,4
DA:172,4
DA:174,20
DA:175,20
DA:181,0
DA:182,0
DA:183,0
DA:184,0
DA:186,0
DA:188,0
DA:189,0
DA:190,0
DA:192,0
DA:194,0
DA:201,0
DA:206,0
DA:207,0
DA:208,0
DA:209,0
DA:210,0
DA:212,0
DA:214,0
DA:215,0
DA:220,0
DA:222,0
DA:224,0
DA:225,0
DA:236,0
DA:237,0
DA:239,0
DA:240,0
DA:241,0
DA:245,0
DA:246,0
DA:249,0
DA:250,0
DA:251,0
DA:259,0
DA:260,0
DA:261,0
DA:262,0
DA:264,0
DA:265,0
DA:272,0
DA:274,0
DA:275,0
DA:278,0
DA:279,0
DA:282,0
DA:284,0
DA:285,0
DA:286,0
DA:287,0
DA:294,0
DA:295,0
DA:296,0
DA:297,0
DA:307,4
DA:309,4
DA:311,12
DA:315,12
DA:316,4
DA:319,12
DA:320,8
DA:322,5
DA:323,1
DA:326,1
DA:329,8
DA:331,8
DA:332,0
DA:333,0
DA:335,4
DA:338,0
DA:340,4
DA:341,12
DA:347,0
DA:348,0
DA:350,0
DA:354,0
DA:355,0
DA:358,0
DA:359,0
DA:360,0
DA:361,0
DA:362,0
DA:365,0
DA:367,0
DA:369,0
DA:370,0
DA:371,0
DA:374,0
DA:376,0
DA:379,0
DA:381,0
DA:382,0
DA:388,0
DA:389,0
DA:392,0
DA:395,0
DA:397,0
DA:398,0
DA:416,0
DA:419,0
DA:422,0
DA:423,0
DA:424,0
DA:425,0
DA:426,0
DA:435,0
DA:436,0
DA:441,0
DA:442,0
DA:443,0
DA:444,0
DA:446,0
DA:447,0
DA:448,0
DA:451,0
DA:452,0
DA:454,0
DA:461,0
DA:462,0
DA:463,0
DA:464,0
DA:465,0
DA:468,0
DA:474,0
DA:475,0
DA:477,0
DA:478,0
DA:484,0
DA:486,0
DA:489,0
DA:499,0
DA:500,0
DA:501,0
DA:502,0
DA:503,0
DA:504,0
DA:507,0
DA:514,0
DA:515,0
DA:516,0
DA:519,0
DA:520,0
DA:521,0
DA:525,0
DA:541,0
DA:542,0
DA:546,0
DA:547,0
DA:550,0
DA:551,0
DA:554,0
DA:555,0
DA:558,0
DA:559,0
DA:560,0
DA:561,0
DA:569,0
DA:570,0
DA:571,0
DA:576,0
DA:577,0
DA:578,0
DA:579,0
DA:580,0
LF:227
LH:73
end_of_record
SF:lib\presentation\widgets\dialogs\list_selection_dialog.dart
DA:20,1
DA:27,1
DA:28,1
DA:34,1
DA:36,1
DA:39,3
DA:40,6
DA:41,2
DA:43,0
DA:47,1
DA:49,1
DA:51,1
DA:53,1
DA:54,3
DA:56,1
DA:57,1
DA:58,1
DA:64,1
DA:66,1
DA:67,1
DA:68,1
DA:69,1
DA:71,1
DA:78,1
DA:79,1
DA:81,1
DA:82,1
DA:88,1
DA:89,1
DA:90,1
DA:96,1
DA:97,1
DA:99,5
DA:110,1
DA:111,1
DA:114,3
DA:115,1
DA:116,3
DA:117,1
DA:118,1
DA:119,2
DA:121,1
DA:122,1
DA:126,4
DA:128,1
DA:130,1
DA:132,3
DA:133,4
DA:137,1
DA:139,1
DA:141,1
DA:142,4
DA:146,1
DA:148,1
DA:149,2
DA:151,0
DA:153,6
DA:154,3
DA:165,1
DA:166,1
DA:168,1
DA:169,1
DA:170,1
DA:171,5
DA:176,1
DA:178,1
DA:179,1
DA:180,0
DA:184,1
DA:185,1
DA:186,1
DA:197,0
DA:198,0
DA:199,0
DA:204,0
DA:210,0
DA:212,0
LF:77
LH:68
end_of_record
SF:lib\presentation\widgets\dialogs\task_edit_dialog.dart
DA:13,1
DA:19,1
DA:20,1
DA:29,1
DA:31,1
DA:32,4
DA:33,4
DA:34,4
DA:37,1
DA:39,1
DA:42,1
DA:46,4
DA:47,1
DA:48,1
DA:49,1
DA:54,1
DA:56,1
DA:58,1
DA:59,1
DA:60,1
DA:63,1
DA:64,1
DA:66,1
DA:68,1
DA:70,1
DA:72,1
DA:82,1
DA:83,1
DA:84,1
DA:85,1
DA:86,2
DA:91,1
DA:92,2
DA:103,1
DA:104,1
DA:106,1
DA:116,1
DA:121,1
DA:122,1
DA:124,1
DA:126,2
DA:127,1
DA:131,1
DA:133,1
DA:142,0
DA:143,0
DA:146,0
DA:149,0
DA:150,0
DA:154,0
DA:162,1
DA:163,1
DA:165,1
DA:175,1
DA:180,1
DA:181,1
DA:183,1
DA:185,2
DA:186,1
DA:190,1
DA:192,1
DA:203,0
DA:211,1
DA:212,1
DA:214,1
DA:224,1
DA:229,1
DA:230,1
DA:232,1
DA:234,2
DA:235,1
DA:239,1
DA:241,1
DA:250,0
DA:258,1
DA:259,1
DA:261,1
DA:262,1
DA:264,1
DA:269,1
DA:270,1
DA:271,0
DA:287,1
DA:288,1
DA:289,1
DA:295,1
DA:297,1
DA:298,1
DA:299,2
DA:304,1
DA:305,2
DA:316,0
DA:317,0
DA:318,0
DA:320,0
DA:321,0
DA:322,0
DA:323,0
DA:324,0
DA:325,0
DA:326,0
DA:327,0
DA:328,0
DA:329,0
DA:330,0
DA:331,0
DA:332,0
DA:333,0
DA:336,0
DA:337,0
LF:110
LH:82
end_of_record
SF:lib\presentation\pages\lists\controllers\lists_controller.dart
DA:26,51
DA:40,8
DA:52,8
DA:53,8
DA:54,8
DA:55,8
DA:56,8
DA:57,8
DA:58,8
DA:59,8
DA:60,8
DA:61,8
DA:62,8
DA:76,8
DA:80,8
DA:83,6
DA:84,12
DA:85,12
DA:86,6
DA:91,6
DA:92,6
DA:96,1
DA:97,3
DA:98,1
DA:102,1
DA:103,3
DA:104,1
DA:108,0
DA:109,0
DA:110,0
DA:114,0
DA:115,0
DA:116,0
DA:120,0
DA:121,0
DA:122,0
DA:126,0
DA:127,0
DA:128,0
DA:132,5
DA:133,10
DA:134,10
DA:135,5
DA:140,5
DA:141,20
DA:142,5
DA:146,2
DA:147,4
DA:148,4
DA:149,2
DA:154,2
DA:155,8
DA:156,6
DA:157,2
DA:158,2
DA:162,2
DA:163,4
DA:164,4
DA:165,2
DA:170,2
DA:171,14
DA:172,2
DA:176,1
DA:177,2
DA:178,2
DA:179,1
DA:184,0
DA:185,0
DA:187,0
DA:188,0
DA:191,0
DA:192,0
DA:193,0
DA:194,0
DA:195,0
DA:197,0
DA:200,0
DA:205,0
DA:206,0
DA:210,0
DA:215,1
DA:216,4
DA:217,1
DA:221,0
DA:222,0
DA:223,0
DA:227,1
DA:228,2
DA:229,2
DA:230,0
DA:235,0
DA:236,0
DA:237,0
DA:239,0
DA:243,1
DA:244,2
DA:245,2
DA:246,1
DA:251,1
DA:252,2
DA:253,5
DA:255,1
DA:259,0
DA:260,0
DA:264,0
DA:265,0
DA:272,8
DA:273,8
DA:276,8
DA:277,8
DA:279,2
DA:284,8
DA:285,24
DA:289,1
DA:290,3
DA:292,1
DA:297,8
DA:298,8
DA:300,24
DA:307,8
DA:308,16
DA:310,16
DA:311,16
DA:312,16
DA:313,16
DA:314,16
DA:315,16
DA:320,1
DA:321,3
DA:322,3
DA:326,1
DA:330,4
DA:331,2
DA:332,1
DA:335,1
DA:339,1
DA:343,2
DA:344,1
DA:346,1
DA:352,28
DA:353,7
DA:357,31
DA:358,14
DA:359,14
DA:360,14
DA:361,7
DA:365,0
DA:366,0
DA:370,12
DA:371,9
DA:375,12
DA:376,9
DA:381,7
DA:382,2
DA:383,6
LF:155
LH:115
end_of_record
SF:lib\presentation\pages\habits\widgets\habit_form_widget.dart
DA:15,2
DA:21,0
DA:22,0
DA:42,0
DA:44,0
DA:45,0
DA:46,0
DA:50,0
DA:52,0
DA:53,0
DA:56,0
DA:58,0
DA:60,0
DA:63,0
DA:64,0
DA:65,0
DA:66,0
DA:67,0
DA:73,0
DA:75,0
DA:76,0
DA:78,0
DA:80,0
DA:82,0
DA:84,0
DA:85,0
DA:87,0
DA:89,0
DA:90,0
DA:97,0
DA:98,0
DA:99,0
DA:100,0
DA:101,0
DA:102,0
DA:103,0
DA:107,0
DA:108,0
DA:109,0
DA:110,0
DA:116,0
DA:117,0
DA:118,0
DA:129,0
DA:130,0
DA:131,0
DA:139,0
DA:140,0
DA:142,0
DA:143,0
DA:145,0
DA:152,0
DA:153,0
DA:154,0
DA:155,0
DA:156,0
DA:158,0
DA:159,0
DA:161,0
DA:163,0
DA:164,0
DA:165,0
DA:166,0
DA:175,0
DA:176,0
DA:178,0
DA:179,0
DA:181,0
DA:188,0
DA:189,0
DA:190,0
DA:191,0
DA:194,0
DA:195,0
DA:204,0
DA:205,0
DA:206,0
DA:207,0
DA:208,0
DA:209,0
DA:212,0
DA:214,0
DA:215,0
DA:216,0
DA:217,0
DA:220,0
DA:222,0
DA:223,0
DA:224,0
DA:230,0
DA:232,0
DA:244,0
DA:245,0
DA:247,0
DA:248,0
DA:250,0
DA:257,0
DA:258,0
DA:259,0
DA:260,0
DA:261,0
DA:263,0
DA:264,0
DA:266,0
DA:268,0
DA:269,0
DA:270,0
DA:271,0
DA:280,0
DA:281,0
DA:282,0
DA:283,0
DA:285,0
DA:289,0
DA:290,0
DA:296,0
DA:297,0
DA:300,0
DA:301,0
DA:311,0
DA:312,0
DA:314,0
DA:315,0
DA:316,0
DA:318,0
DA:324,0
DA:325,0
DA:326,0
DA:335,0
DA:336,0
DA:337,0
DA:338,0
DA:339,0
DA:340,0
DA:341,0
DA:342,0
DA:343,0
DA:346,0
DA:348,0
DA:350,0
DA:351,0
DA:352,0
DA:353,0
DA:354,0
DA:355,0
DA:356,0
DA:362,0
DA:364,0
DA:366,0
DA:368,0
DA:371,0
LF:151
LH:1
end_of_record
SF:lib\presentation\pages\habits_page.dart
DA:11,42
DA:13,2
DA:14,2
DA:20,2
DA:22,2
DA:23,4
DA:26,2
DA:28,4
DA:29,2
DA:32,2
DA:34,6
DA:36,2
DA:37,2
DA:38,2
DA:39,2
DA:44,2
DA:45,2
DA:47,2
DA:48,2
DA:51,2
DA:52,2
DA:57,2
DA:58,2
DA:59,2
DA:68,2
DA:69,2
DA:82,2
DA:83,2
DA:84,2
DA:85,2
DA:86,2
DA:87,2
DA:93,2
DA:94,2
DA:95,4
DA:96,2
DA:97,0
DA:102,2
DA:103,2
DA:105,2
DA:106,2
DA:112,2
DA:113,2
DA:114,2
DA:117,0
DA:121,0
DA:122,0
DA:127,2
DA:128,2
DA:129,2
DA:131,2
DA:132,2
DA:135,2
DA:138,2
DA:140,2
DA:143,2
DA:147,2
DA:149,2
DA:151,2
DA:156,2
DA:157,0
DA:160,2
DA:171,0
DA:172,0
DA:173,0
DA:175,0
DA:176,0
DA:179,0
DA:182,0
DA:184,0
DA:187,0
DA:191,0
DA:192,0
DA:193,0
DA:195,0
DA:200,0
DA:201,0
DA:211,0
DA:212,0
DA:215,0
DA:216,0
DA:217,0
DA:218,0
DA:220,0
DA:221,0
DA:222,0
DA:223,0
DA:230,0
DA:231,0
DA:235,0
DA:236,0
DA:243,0
DA:244,0
DA:246,0
DA:247,0
DA:254,0
DA:255,0
DA:256,0
DA:264,0
DA:265,0
DA:267,0
DA:269,0
DA:271,0
DA:277,0
DA:278,0
DA:279,0
DA:280,0
DA:281,0
DA:282,0
DA:283,0
DA:289,0
DA:290,0
DA:292,0
DA:293,0
DA:294,0
DA:296,0
DA:303,0
DA:307,0
DA:308,0
DA:309,0
DA:311,0
DA:312,0
DA:313,0
DA:314,0
DA:316,0
DA:319,0
DA:321,0
DA:330,0
DA:332,0
DA:333,0
DA:340,2
DA:341,2
DA:343,0
DA:350,0
DA:351,0
DA:352,0
DA:354,0
DA:355,0
DA:356,0
DA:357,0
DA:365,0
DA:367,0
DA:368,0
DA:370,0
DA:371,0
DA:373,0
DA:374,0
DA:380,0
DA:382,0
DA:383,0
DA:384,0
DA:391,0
DA:393,0
DA:401,0
DA:402,0
DA:403,0
DA:404,0
DA:406,0
DA:407,0
DA:408,0
DA:409,0
DA:412,0
DA:413,0
DA:414,0
DA:415,0
DA:418,0
DA:419,0
DA:420,0
DA:422,0
DA:423,0
DA:424,0
DA:425,0
DA:431,0
DA:432,0
DA:433,0
DA:434,0
DA:449,0
DA:450,0
DA:451,0
DA:453,0
DA:455,0
DA:457,0
DA:459,0
DA:461,0
LF:184
LH:59
end_of_record
SF:lib\presentation\widgets\common\lists\virtualized_list.dart
DA:29,1
DA:49,1
DA:50,1
DA:57,1
DA:59,1
DA:60,4
DA:61,3
DA:64,1
DA:66,2
DA:67,2
DA:69,1
DA:72,0
DA:73,0
DA:74,0
DA:75,0
DA:79,0
DA:80,0
DA:81,0
DA:87,1
DA:90,3
DA:91,0
DA:95,3
DA:96,0
DA:100,2
DA:101,0
DA:102,0
DA:103,0
DA:104,0
DA:105,0
DA:106,0
DA:107,0
DA:108,0
DA:109,0
DA:110,0
DA:111,0
DA:112,0
DA:113,0
DA:114,0
DA:115,0
DA:121,1
DA:122,1
DA:123,2
DA:124,2
DA:125,2
DA:126,2
DA:127,2
DA:128,2
DA:129,3
DA:130,2
DA:131,2
DA:132,2
DA:133,3
DA:134,1
DA:135,1
DA:140,1
DA:141,3
DA:144,1
DA:145,2
DA:146,3
DA:158,0
DA:166,0
DA:168,0
DA:169,0
DA:170,0
DA:171,0
DA:172,0
DA:173,0
DA:174,0
DA:175,0
DA:176,0
DA:179,0
DA:181,0
DA:189,0
DA:190,0
DA:191,0
DA:192,0
DA:193,0
DA:194,0
DA:197,0
DA:216,0
DA:227,0
DA:228,0
DA:236,0
DA:238,0
DA:239,0
DA:240,0
DA:243,0
DA:245,0
DA:246,0
DA:249,0
DA:250,0
DA:252,0
DA:253,0
DA:255,0
DA:256,0
DA:257,0
DA:261,0
DA:262,0
DA:263,0
DA:264,0
DA:265,0
DA:269,0
DA:270,0
DA:271,0
DA:278,0
DA:280,0
DA:281,0
DA:284,0
DA:285,0
DA:286,0
DA:289,0
DA:290,0
DA:291,0
DA:292,0
DA:301,0
DA:302,0
DA:303,0
LF:117
LH:35
end_of_record
SF:lib\presentation\pages\statistics_page.dart
DA:15,42
DA:17,2
DA:18,2
DA:26,2
DA:28,2
DA:29,4
DA:30,4
DA:33,2
DA:35,4
DA:36,4
DA:37,2
DA:40,2
DA:42,2
DA:44,2
DA:49,2
DA:50,2
DA:61,2
DA:62,2
DA:64,2
DA:65,4
DA:66,0
DA:67,0
DA:68,0
DA:72,2
DA:73,2
DA:74,2
DA:75,2
DA:77,2
DA:78,2
DA:79,2
DA:80,2
DA:81,2
DA:82,2
DA:83,4
DA:84,2
DA:85,2
DA:92,2
DA:93,2
DA:94,0
DA:95,0
DA:96,0
DA:97,0
DA:104,2
DA:105,2
DA:106,0
DA:107,0
DA:108,0
DA:109,0
DA:123,2
DA:124,6
DA:125,6
DA:127,2
DA:128,2
DA:130,2
DA:136,2
DA:137,6
DA:138,2
DA:141,2
DA:142,6
DA:143,2
LF:60
LH:49
end_of_record
SF:lib\presentation\pages\lists_page.dart
DA:21,43
DA:23,3
DA:24,3
DA:30,3
DA:32,3
DA:33,6
DA:38,9
DA:39,15
DA:43,3
DA:45,6
DA:46,3
DA:49,3
DA:51,9
DA:52,9
DA:53,9
DA:55,3
DA:57,3
DA:73,0
DA:74,3
DA:75,3
DA:77,6
DA:80,3
DA:83,3
DA:85,3
DA:95,0
DA:96,0
DA:97,0
DA:99,0
DA:100,0
DA:103,0
DA:106,0
DA:108,0
DA:109,0
DA:113,0
DA:115,0
DA:116,0
DA:121,0
DA:124,0
DA:132,3
DA:133,3
DA:135,3
DA:136,3
DA:139,1
DA:144,1
DA:145,1
DA:147,1
DA:152,3
DA:153,3
DA:154,3
DA:156,3
DA:157,3
DA:160,3
DA:163,3
DA:165,15
DA:166,3
DA:170,3
DA:172,15
DA:173,3
DA:177,3
DA:180,3
DA:188,1
DA:189,1
DA:190,2
DA:191,2
DA:193,1
DA:196,1
DA:197,1
DA:198,1
DA:202,1
DA:203,1
DA:207,1
DA:208,0
DA:209,1
DA:210,1
DA:211,1
DA:213,2
DA:214,1
DA:215,2
DA:219,1
DA:220,1
DA:225,1
DA:227,1
DA:228,2
DA:229,0
DA:231,0
DA:232,0
DA:237,1
DA:238,1
DA:239,1
DA:240,2
DA:242,1
DA:247,1
DA:248,0
DA:249,0
DA:267,1
DA:268,1
DA:270,1
DA:271,2
DA:274,1
DA:275,1
DA:276,1
DA:278,1
DA:286,1
DA:287,1
DA:289,1
DA:291,1
DA:297,1
DA:299,1
DA:300,1
DA:303,1
DA:304,1
DA:305,1
DA:315,1
DA:316,2
DA:317,0
DA:318,0
DA:322,0
DA:323,0
DA:324,0
DA:325,0
DA:326,0
DA:331,1
DA:333,1
DA:335,1
DA:337,0
DA:339,0
DA:341,0
DA:343,0
DA:345,0
DA:351,1
DA:353,1
DA:355,1
DA:357,0
DA:359,0
DA:361,0
DA:363,0
DA:365,0
DA:373,1
DA:374,1
DA:375,1
DA:376,2
DA:379,0
DA:380,0
DA:383,0
DA:384,0
DA:385,0
DA:386,0
DA:387,0
DA:388,0
DA:390,0
DA:391,0
DA:392,0
DA:393,0
DA:394,0
DA:400,0
DA:401,0
DA:402,0
DA:403,0
DA:415,0
DA:416,0
DA:418,0
DA:423,0
DA:424,0
DA:425,0
DA:426,0
DA:428,0
DA:429,0
DA:430,0
DA:432,0
DA:433,0
DA:434,0
DA:435,0
DA:436,0
DA:437,0
DA:443,0
DA:444,0
DA:445,0
DA:446,0
DA:458,0
DA:459,0
DA:460,0
DA:461,0
DA:463,0
DA:464,0
DA:465,0
DA:466,0
DA:469,0
DA:470,0
DA:471,0
DA:472,0
DA:474,0
DA:475,0
DA:476,0
DA:477,0
DA:478,0
DA:484,0
DA:485,0
DA:486,0
DA:487,0
DA:494,0
LF:200
LH:103
end_of_record
SF:lib\presentation\pages\settings_page.dart
DA:9,42
DA:11,0
DA:13,0
DA:15,0
DA:26,0
DA:28,0
DA:29,0
DA:31,0
DA:32,0
DA:36,0
DA:37,0
DA:39,0
DA:40,0
DA:48,0
DA:50,0
DA:51,0
DA:55,0
DA:57,0
DA:61,0
DA:63,0
DA:67,0
DA:69,0
DA:73,0
DA:74,0
DA:76,0
DA:84,0
DA:86,0
DA:87,0
DA:91,0
DA:93,0
DA:97,0
DA:106,0
DA:110,0
DA:112,0
DA:113,0
DA:115,0
DA:117,0
DA:124,0
DA:125,0
DA:128,0
DA:129,0
DA:130,0
DA:136,0
DA:142,0
DA:149,0
DA:150,0
DA:152,0
DA:154,0
DA:155,0
DA:158,0
DA:164,0
DA:171,0
DA:173,0
DA:178,0
LF:54
LH:1
end_of_record
SF:lib\presentation\pages\list_detail_loader_page.dart
DA:11,0
DA:13,0
DA:15,0
DA:16,0
DA:17,0
DA:18,0
DA:19,0
DA:24,0
DA:26,0
DA:27,0
DA:31,0
LF:11
LH:0
end_of_record
SF:lib\presentation\pages\list_detail_page.dart
DA:23,2
DA:28,2
DA:29,2
DA:35,2
DA:38,14
DA:42,3
DA:43,2
DA:50,0
DA:52,0
DA:53,0
DA:54,0
DA:59,0
DA:60,0
DA:61,0
DA:62,0
DA:71,0
DA:72,0
DA:74,0
DA:84,0
DA:85,0
DA:86,0
DA:87,0
DA:88,0
DA:89,0
DA:95,0
DA:96,0
DA:97,0
DA:102,0
DA:103,0
DA:104,0
DA:105,0
DA:106,0
DA:107,0
DA:108,0
DA:116,0
DA:117,0
DA:119,0
DA:120,0
DA:121,0
DA:122,0
DA:129,0
DA:130,0
DA:132,0
DA:133,0
DA:136,0
DA:138,0
DA:142,0
DA:143,0
DA:145,0
DA:146,0
DA:147,0
DA:152,0
DA:153,0
DA:154,0
DA:158,0
DA:159,0
DA:161,0
DA:163,0
DA:165,0
DA:182,0
DA:183,0
DA:184,0
DA:188,0
DA:189,0
DA:190,0
DA:191,0
DA:195,0
DA:196,0
DA:198,0
DA:199,0
DA:203,0
DA:204,0
DA:205,0
DA:206,0
DA:212,0
DA:213,0
DA:218,0
DA:219,0
DA:220,0
DA:221,0
DA:222,0
DA:224,0
DA:225,0
DA:232,0
DA:233,0
DA:234,0
DA:235,0
DA:240,0
DA:241,0
DA:243,0
DA:244,0
DA:245,0
DA:246,0
DA:247,0
DA:252,0
DA:253,0
DA:254,0
DA:255,0
DA:257,0
DA:258,0
DA:259,0
DA:266,0
DA:267,0
DA:268,0
DA:269,0
DA:274,0
DA:275,0
DA:276,0
DA:277,0
DA:282,0
DA:283,0
DA:285,0
DA:286,0
DA:291,0
DA:292,0
DA:293,0
DA:294,0
DA:297,0
DA:298,0
DA:299,0
DA:308,0
DA:309,0
DA:310,0
DA:314,0
DA:315,0
DA:316,0
DA:317,0
DA:322,0
DA:323,0
DA:324,0
DA:325,0
DA:327,0
DA:328,0
DA:335,0
DA:336,0
DA:337,0
DA:338,0
DA:343,0
DA:344,0
DA:345,0
DA:349,0
DA:350,0
DA:351,0
DA:352,0
DA:357,0
DA:358,0
DA:359,0
DA:360,0
DA:361,0
DA:362,0
DA:367,0
DA:369,0
DA:370,0
DA:372,0
DA:377,0
DA:378,0
DA:379,0
DA:380,0
DA:381,0
DA:390,0
DA:391,0
DA:392,0
DA:393,0
DA:394,0
LF:164
LH:7
end_of_record
SF:lib\presentation\widgets\dialogs\bulk_add_dialog.dart
DA:18,0
DA:25,0
DA:26,0
DA:37,0
DA:39,0
DA:40,0
DA:41,0
DA:42,0
DA:43,0
DA:44,0
DA:45,0
DA:50,0
DA:51,0
DA:55,0
DA:56,0
DA:57,0
DA:61,0
DA:63,0
DA:64,0
DA:65,0
DA:66,0
DA:69,0
DA:70,0
DA:72,0
DA:73,0
DA:75,0
DA:76,0
DA:77,0
DA:79,0
DA:80,0
DA:85,0
DA:87,0
DA:88,0
DA:90,0
DA:92,0
DA:93,0
DA:95,0
DA:100,0
DA:101,0
DA:104,0
DA:106,0
DA:107,0
DA:109,0
DA:110,0
DA:111,0
DA:114,0
DA:115,0
DA:117,0
DA:123,0
DA:125,0
DA:128,0
DA:132,0
DA:133,0
DA:134,0
DA:135,0
DA:140,0
DA:142,0
DA:144,0
DA:145,0
DA:146,0
DA:147,0
DA:148,0
DA:150,0
DA:158,0
DA:159,0
DA:161,0
DA:162,0
DA:163,0
DA:164,0
DA:165,0
DA:173,0
DA:174,0
DA:180,0
DA:181,0
DA:186,0
DA:188,0
DA:197,0
DA:198,0
DA:199,0
DA:207,0
DA:208,0
DA:215,0
DA:216,0
DA:235,0
DA:236,0
DA:238,0
DA:239,0
DA:240,0
DA:241,0
DA:242,0
DA:248,0
DA:249,0
DA:251,0
DA:252,0
DA:253,0
DA:256,0
DA:262,0
DA:267,0
DA:268,0
DA:269,0
DA:272,0
DA:273,0
DA:274,0
DA:275,0
DA:279,0
DA:281,0
DA:288,0
DA:295,0
DA:302,0
DA:303,0
DA:305,0
DA:306,0
DA:308,0
DA:314,0
DA:315,0
DA:320,0
DA:321,0
DA:322,0
DA:326,0
DA:328,0
DA:329,0
DA:333,0
DA:335,0
DA:349,0
DA:354,0
DA:355,0
DA:356,0
DA:358,0
DA:359,0
DA:361,0
DA:375,0
DA:376,0
DA:378,0
DA:380,0
DA:381,0
DA:383,0
DA:389,0
DA:390,0
DA:391,0
DA:407,0
DA:408,0
DA:410,0
DA:411,0
DA:412,0
DA:417,0
DA:419,0
DA:420,0
[...]
DA:68,2
DA:72,4
DA:73,3
DA:74,2
DA:78,3
DA:79,4
DA:80,1
DA:81,5
DA:82,1
DA:94,3
DA:98,3
DA:105,1
DA:106,1
DA:113,1
DA:114,1
DA:121,2
DA:122,2
DA:130,2
DA:131,2
DA:132,2
DA:133,2
DA:134,2
DA:135,2
DA:136,2
DA:137,2
DA:146,0
DA:147,0
DA:148,0
DA:149,0
DA:150,0
LF:44
LH:39
end_of_record
SF:lib\presentation\pages\statistics\widgets\analytics\category_performance_widget.dart
DA:12,3
DA:17,3
DA:19,3
DA:21,3
DA:22,3
DA:24,3
DA:26,3
DA:35,3
DA:36,10
DA:37,1
DA:39,1
DA:41,1
DA:42,1
DA:44,1
DA:45,1
DA:46,1
DA:52,1
DA:53,3
DA:54,1
DA:63,1
DA:64,2
DA:65,1
DA:66,1
DA:67,2
DA:74,3
LF:25
LH:25
end_of_record
SF:lib\presentation\pages\statistics\widgets\analytics\completion_time_stats_widget.dart
DA:13,44
DA:25,2
DA:30,2
DA:32,2
DA:34,2
DA:36,2
DA:37,2
DA:39,2
DA:41,2
DA:50,6
DA:58,2
DA:59,2
DA:60,4
DA:61,2
DA:62,2
DA:63,2
DA:64,4
DA:65,4
DA:66,4
DA:70,2
DA:71,2
DA:79,4
DA:80,2
DA:81,4
DA:83,4
DA:87,10
DA:92,2
DA:94,2
DA:95,2
DA:96,2
DA:97,1
DA:98,1
DA:102,2
DA:103,2
DA:105,2
DA:107,2
DA:108,2
DA:110,2
DA:111,2
DA:112,2
DA:115,2
DA:116,2
DA:117,2
DA:125,2
DA:126,4
DA:127,2
DA:128,2
LF:47
LH:47
end_of_record
SF:lib\presentation\pages\statistics\widgets\analytics\habits_stats_widget.dart
DA:12,2
DA:17,2
DA:19,4
DA:20,4
DA:21,4
DA:22,4
DA:24,2
DA:26,2
DA:27,2
DA:29,2
DA:31,2
DA:40,2
DA:41,2
DA:42,2
DA:43,2
DA:44,2
DA:49,2
DA:50,2
DA:51,2
DA:59,2
DA:60,2
DA:61,2
DA:62,2
DA:63,2
DA:68,2
DA:69,2
DA:70,2
DA:84,2
DA:85,2
DA:88,6
DA:89,6
DA:91,8
LF:32
LH:32
end_of_record
SF:lib\presentation\pages\statistics\widgets\summary\stat_item.dart
DA:23,4
DA:30,4
DA:32,4
DA:34,4
DA:35,4
DA:36,4
DA:38,4
DA:39,4
DA:40,4
DA:41,4
DA:46,4
DA:47,4
DA:48,4
DA:54,4
DA:55,4
LF:15
LH:15
end_of_record
SF:lib\presentation\pages\statistics\widgets\analytics\tasks_stats_widget.dart
DA:12,1
DA:17,1
DA:19,5
DA:20,5
DA:21,2
DA:22,2
DA:24,1
DA:26,1
DA:27,1
DA:29,1
DA:31,1
DA:40,1
DA:41,1
DA:42,1
DA:43,1
DA:44,1
DA:49,1
DA:50,1
DA:51,1
DA:59,1
DA:60,1
DA:61,1
DA:62,1
DA:63,1
DA:68,1
DA:69,1
DA:70,2
LF:27
LH:27
end_of_record
SF:lib\presentation\pages\statistics\widgets\charts\elo_distribution_widget.dart
DA:13,2
DA:18,2
DA:20,2
DA:22,2
DA:24,2
DA:25,2
DA:27,2
DA:29,2
DA:38,2
DA:40,2
DA:41,2
DA:42,2
DA:54,2
DA:55,4
DA:56,2
DA:60,2
DA:61,4
DA:62,2
DA:63,2
DA:64,2
DA:74,2
DA:75,2
DA:76,4
DA:82,2
DA:83,4
DA:89,2
DA:90,4
LF:27
LH:27
end_of_record
SF:lib\presentation\pages\statistics\widgets\charts\progress_chart_widget.dart
DA:18,3
DA:24,9
DA:25,12
DA:27,3
DA:30,15
DA:31,9
DA:32,9
DA:35,3
DA:36,6
DA:37,6
DA:38,3
DA:40,3
DA:42,3
DA:44,3
DA:45,3
DA:46,6
DA:47,3
DA:49,3
DA:50,3
DA:51,3
DA:52,12
DA:57,3
DA:58,3
DA:59,3
DA:60,3
DA:61,3
DA:67,2
DA:71,2
DA:76,3
DA:77,3
DA:78,3
DA:81,3
DA:82,3
DA:83,6
DA:84,9
DA:89,3
DA:90,3
DA:93,3
DA:94,3
DA:95,12
DA:96,3
DA:98,3
DA:99,6
DA:100,9
DA:111,3
DA:113,3
DA:115,3
DA:116,3
DA:117,3
DA:121,3
DA:123,1
DA:124,1
DA:132,3
DA:134,3
DA:135,3
DA:138,3
DA:139,3
DA:140,3
LF:58
LH:58
end_of_record
SF:lib\presentation\pages\statistics\widgets\charts\streaks_chart_widget.dart
DA:15,2
DA:21,2
DA:23,2
DA:25,2
DA:26,2
DA:28,2
DA:30,2
DA:39,2
DA:41,2
DA:42,2
DA:44,2
DA:48,2
DA:49,2
DA:51,2
DA:52,8
DA:53,2
DA:54,6
DA:63,2
DA:64,2
DA:75,2
DA:76,2
DA:83,2
DA:84,4
DA:85,4
DA:87,2
DA:88,2
DA:89,4
DA:90,6
LF:28
LH:28
end_of_record
SF:lib\presentation\pages\statistics\widgets\smart\period_selector.dart
DA:10,3
DA:22,3
DA:24,3
DA:36,3
DA:37,3
DA:46,3
DA:47,3
DA:49,3
DA:50,9
DA:51,9
DA:52,3
DA:54,3
DA:55,6
DA:57,4
DA:58,9
DA:59,3
DA:60,3
DA:63,3
DA:66,3
LF:19
LH:19
end_of_record
SF:lib\presentation\pages\statistics\widgets\smart\smart_insights_widget.dart
DA:10,3
DA:15,3
DA:17,3
DA:19,3
DA:21,3
DA:30,9
DA:33,3
DA:36,6
DA:37,3
DA:38,3
DA:40,0
DA:43,3
DA:45,3
DA:47,3
DA:48,3
DA:52,3
DA:57,3
DA:58,3
DA:61,3
DA:62,3
LF:20
LH:19
end_of_record
SF:lib\presentation\pages\statistics\widgets\smart\top_habits_widget.dart
DA:11,2
DA:23,2
DA:28,2
DA:30,2
DA:32,2
DA:33,2
DA:35,2
DA:37,2
DA:46,8
DA:53,2
DA:54,2
DA:62,2
DA:64,2
DA:65,2
DA:66,2
DA:69,2
DA:70,12
DA:73,2
DA:74,2
DA:75,4
DA:85,2
DA:86,2
DA:87,2
DA:91,2
DA:92,2
DA:93,2
LF:26
LH:26
end_of_record
SF:lib\presentation\pages\statistics\widgets\summary\main_metrics_widget.dart
DA:13,3
DA:18,3
DA:20,3
DA:21,3
DA:22,3
DA:23,3
DA:26,3
DA:27,3
DA:29,3
DA:30,3
DA:31,3
DA:35,3
DA:36,3
DA:37,3
DA:44,3
DA:46,3
DA:56,3
DA:57,3
DA:58,3
DA:59,3
DA:60,6
DA:67,3
DA:68,3
DA:69,6
DA:78,3
DA:79,3
DA:80,3
DA:81,3
DA:82,6
DA:89,3
DA:90,3
DA:91,6
LF:32
LH:32
end_of_record
SF:lib\presentation\pages\statistics\widgets\summary\metric_card.dart
DA:11,4
DA:19,4
DA:21,4
DA:23,4
DA:24,8
DA:27,4
DA:29,4
DA:30,12
DA:32,4
DA:33,4
DA:34,4
DA:35,4
DA:40,4
DA:41,4
DA:42,4
DA:43,8
LF:16
LH:16
end_of_record
SF:lib\presentation\pages\statistics\widgets\summary\overview_tab_widget.dart
DA:29,2
DA:36,2
DA:38,2
DA:40,2
DA:42,2
DA:44,2
DA:45,2
DA:50,2
DA:51,2
DA:52,2
DA:57,2
DA:58,2
DA:63,2
DA:64,2
DA:72,2
DA:73,6
DA:77,2
DA:79,2
DA:80,2
DA:90,0
DA:91,0
DA:92,0
DA:93,0
DA:94,0
DA:95,0
DA:110,2
DA:111,2
DA:112,2
DA:113,2
DA:114,0
DA:115,0
DA:116,0
DA:117,0
DA:118,0
DA:119,0
DA:121,0
DA:126,2
DA:127,6
DA:131,2
DA:132,6
LF:40
LH:27
end_of_record
SF:lib\presentation\pages\statistics\widgets\tabs\habits_tab_widget.dart
DA:17,1
DA:22,1
DA:24,1
DA:26,1
DA:28,1
DA:30,2
DA:34,1
DA:35,1
DA:36,1
DA:41,1
DA:42,1
DA:50,1
DA:51,3
DA:54,3
DA:55,4
DA:59,1
DA:60,3
DA:63,3
DA:64,5
DA:68,1
DA:69,3
DA:72,3
DA:73,2
DA:74,1
DA:78,1
DA:81,5
DA:84,2
DA:87,4
DA:88,1
DA:89,1
DA:90,1
DA:91,1
DA:93,1
DA:94,1
DA:95,2
DA:96,1
DA:98,1
LF:37
LH:37
end_of_record
SF:lib\presentation\pages\statistics\widgets\tabs\tasks_tab_widget.dart
DA:17,1
DA:22,1
DA:24,1
DA:26,1
DA:28,1
DA:30,2
DA:34,2
DA:38,2
LF:8
LH:8
end_of_record
SF:lib\presentation\widgets\dialogs\add_habit_dialog.dart
DA:13,0
DA:19,0
DA:20,0
DA:40,0
DA:42,0
DA:43,0
DA:44,0
DA:45,0
DA:46,0
DA:47,0
DA:48,0
DA:49,0
DA:51,0
DA:54,0
DA:55,0
DA:56,0
DA:57,0
DA:59,0
DA:62,0
DA:63,0
DA:64,0
DA:66,0
DA:67,0
DA:68,0
DA:69,0
DA:70,0
DA:71,0
DA:72,0
DA:76,0
DA:78,0
DA:80,0
DA:81,0
DA:82,0
DA:84,0
DA:85,0
DA:86,0
DA:87,0
DA:89,0
DA:90,0
DA:91,0
DA:92,0
DA:93,0
DA:94,0
DA:95,0
DA:96,0
DA:98,0
DA:99,0
DA:100,0
DA:101,0
DA:103,0
DA:104,0
DA:105,0
DA:106,0
DA:107,0
DA:108,0
DA:109,0
DA:110,0
DA:111,0
DA:118,0
DA:119,0
DA:120,0
DA:123,0
DA:124,0
DA:125,0
DA:131,0
DA:132,0
DA:133,0
DA:134,0
DA:135,0
DA:136,0
DA:138,0
DA:139,0
DA:140,0
DA:142,0
DA:143,0
DA:144,0
DA:146,0
DA:147,0
DA:149,0
DA:151,0
DA:152,0
DA:153,0
DA:154,0
DA:155,0
DA:158,0
DA:159,0
DA:163,0
DA:165,0
DA:166,0
DA:167,0
DA:168,0
DA:169,0
DA:170,0
LF:93
LH:0
end_of_record
SF:lib\presentation\widgets\forms\habit_basic_info_form.dart
DA:25,1
DA:35,1
DA:37,1
DA:38,1
DA:39,1
DA:40,1
DA:45,0
DA:46,0
DA:53,1
DA:54,1
DA:62,1
DA:63,4
DA:64,1
DA:65,0
DA:66,0
DA:71,1
DA:72,1
DA:87,1
DA:89,2
LF:19
LH:15
end_of_record
SF:lib\presentation\widgets\forms\habit_quantitative_form.dart
DA:15,1
DA:22,1
DA:24,2
DA:28,1
DA:29,1
DA:31,1
DA:32,1
DA:33,1
DA:35,1
DA:36,1
DA:42,0
DA:43,0
DA:44,0
DA:47,0
DA:56,1
DA:58,1
DA:59,1
LF:17
LH:13
end_of_record
SF:lib\presentation\widgets\forms\habit_recurrence_form.dart
DA:15,1
DA:27,1
DA:29,1
DA:31,1
DA:38,1
DA:39,1
DA:98,1
DA:100,3
DA:102,1
DA:103,1
DA:105,1
DA:107,1
DA:108,2
DA:114,0
DA:121,3
DA:125,1
DA:127,1
DA:128,2
DA:129,1
DA:130,3
DA:131,2
DA:132,0
DA:133,0
DA:135,0
DA:137,0
DA:139,0
DA:145,2
DA:146,3
DA:148,1
DA:149,1
DA:150,1
DA:152,1
DA:153,2
DA:159,0
DA:162,3
LF:35
LH:28
end_of_record
SF:lib\presentation\widgets\dialogs\custom_list_form_dialog.dart
DA:16,0
DA:22,0
DA:23,0
DA:34,0
DA:36,0
DA:39,0
DA:40,0
DA:41,0
DA:42,0
DA:46,0
DA:48,0
DA:49,0
DA:50,0
DA:53,0
DA:55,0
DA:57,0
DA:58,0
DA:61,0
DA:64,0
DA:67,0
DA:69,0
DA:70,0
DA:71,0
DA:77,0
DA:89,0
DA:90,0
DA:91,0
DA:93,0
DA:95,0
DA:96,0
DA:104,0
DA:105,0
DA:108,0
DA:111,0
DA:120,0
DA:121,0
DA:127,0
DA:128,0
DA:130,0
DA:131,0
DA:132,0
DA:133,0
DA:135,0
DA:138,0
DA:142,0
DA:143,0
DA:145,0
DA:146,0
DA:154,0
DA:155,0
DA:164,0
DA:165,0
DA:177,0
DA:179,0
DA:180,0
DA:181,0
DA:185,0
DA:187,0
DA:189,0
DA:201,0
DA:202,0
DA:206,0
DA:207,0
DA:211,0
DA:212,0
DA:216,0
DA:218,0
DA:220,0
DA:221,0
DA:222,0
DA:226,0
DA:227,0
DA:229,0
DA:230,0
DA:232,0
DA:233,0
DA:237,0
DA:240,0
DA:241,0
DA:242,0
DA:243,0
DA:249,0
DA:250,0
DA:251,0
DA:258,0
DA:260,0
DA:262,0
DA:264,0
DA:266,0
DA:268,0
DA:270,0
DA:272,0
DA:278,0
DA:280,0
DA:282,0
DA:284,0
DA:286,0
DA:288,0
DA:290,0
DA:292,0
LF:100
LH:0
end_of_record
SF:lib\presentation\widgets\dialogs\list_form_dialog.dart
DA:12,1
DA:18,1
DA:19,1
DA:28,1
DA:30,1
DA:31,4
DA:32,4
DA:33,4
DA:36,1
DA:38,1
DA:39,1
DA:40,1
DA:42,1
DA:43,1
DA:44,1
DA:47,1
DA:48,1
DA:49,2
DA:50,3
DA:53,1
DA:54,1
DA:60,1
DA:61,2
DA:64,3
DA:67,2
DA:68,0
DA:72,3
DA:75,1
DA:76,1
DA:83,3
DA:86,1
DA:87,1
DA:92,2
DA:93,1
DA:95,2
DA:97,1
DA:98,0
DA:99,0
DA:103,1
DA:105,1
DA:106,1
DA:107,0
DA:111,1
DA:112,1
DA:113,1
DA:115,1
DA:119,3
DA:130,1
DA:131,3
DA:132,3
DA:133,1
DA:134,4
DA:135,1
DA:136,1
DA:137,1
DA:138,3
DA:139,3
DA:140,1
DA:142,3
DA:143,3
LF:60
LH:56
end_of_record
SF:lib\presentation\widgets\dialogs\list_item_form_dialog.dart
DA:12,1
DA:19,1
DA:20,1
DA:29,1
DA:31,1
DA:32,4
DA:33,4
DA:34,4
DA:37,1
DA:39,1
DA:40,1
DA:41,1
DA:43,1
DA:46,1
DA:47,1
DA:48,1
DA:49,1
DA:52,1
DA:53,1
DA:54,2
DA:55,3
DA:58,1
DA:59,1
DA:65,1
DA:66,2
DA:69,3
DA:72,2
DA:73,2
DA:77,3
DA:80,1
DA:81,1
DA:88,3
DA:91,1
DA:92,1
DA:97,3
DA:100,1
DA:102,1
DA:103,1
DA:104,3
DA:108,1
DA:109,1
DA:110,1
DA:112,1
DA:116,3
DA:129,1
DA:130,3
DA:131,3
DA:132,1
DA:133,6
DA:134,1
DA:135,3
DA:136,3
DA:137,3
DA:138,3
DA:139,4
DA:140,2
DA:142,3
DA:143,3
LF:58
LH:58
end_of_record
SF:lib\presentation\widgets\dialogs\habit_record_dialog.dart
DA:16,1
DA:23,1
DA:24,1
DA:30,1
DA:32,1
DA:33,2
DA:34,3
DA:38,1
DA:40,2
DA:41,1
DA:44,1
DA:45,3
DA:47,3
DA:49,3
DA:52,1
DA:54,1
DA:55,1
DA:56,1
DA:57,1
DA:59,1
DA:60,1
DA:61,1
DA:63,1
DA:70,1
DA:71,1
DA:72,4
DA:73,3
DA:78,1
DA:81,1
DA:82,1
DA:84,3
DA:87,1
DA:88,1
DA:91,1
DA:93,3
DA:96,0
DA:98,4
DA:100,1
DA:102,1
DA:103,1
DA:104,1
DA:105,1
DA:106,1
DA:109,1
DA:110,1
DA:111,1
DA:117,1
DA:118,7
DA:119,4
DA:130,1
DA:131,1
DA:132,0
DA:135,1
DA:136,1
LF:54
LH:52
end_of_record
SF:lib\presentation\widgets\selectors\category_selector.dart
DA:10,1
DA:18,1
DA:20,1
DA:21,1
DA:22,2
DA:27,3
DA:28,1
DA:30,1
DA:32,1
DA:33,1
LF:10
LH:10
end_of_record
SF:lib\presentation\pages\lists\widgets\list_card.dart
DA:18,1
DA:27,1
DA:29,3
DA:30,3
DA:31,2
DA:33,1
DA:34,1
DA:35,1
DA:37,1
DA:39,1
DA:40,1
DA:42,1
DA:43,1
DA:44,1
DA:45,1
DA:46,3
DA:47,3
DA:51,1
DA:52,1
DA:54,1
DA:55,1
DA:56,2
DA:57,4
DA:63,4
DA:64,1
DA:65,2
DA:66,3
DA:77,3
DA:78,0
DA:80,0
DA:82,0
DA:83,0
DA:85,0
DA:86,0
DA:88,0
DA:89,0
DA:93,0
DA:94,0
DA:95,0
DA:105,0
DA:106,0
DA:116,0
DA:117,0
DA:134,1
DA:135,1
DA:137,1
DA:138,2
DA:139,3
DA:144,1
DA:145,1
DA:146,3
DA:147,4
DA:149,3
DA:156,2
DA:158,1
DA:160,1
DA:161,1
DA:162,3
DA:171,1
DA:173,1
DA:175,1
DA:177,1
DA:179,1
DA:181,1
DA:183,1
DA:185,1
DA:190,1
DA:192,1
DA:194,1
DA:196,1
DA:198,1
DA:200,1
DA:202,1
DA:204,1
LF:74
LH:59
end_of_record
SF:lib\presentation\pages\lists\widgets\list_progress_widget.dart
DA:13,1
DA:18,1
DA:20,2
DA:21,3
DA:22,3
DA:25,1
DA:28,1
DA:30,1
DA:31,1
DA:33,1
DA:35,1
DA:37,4
DA:44,2
DA:48,2
DA:49,1
DA:54,2
DA:55,1
DA:63,1
DA:69,1
DA:71,1
DA:72,1
DA:74,1
DA:75,1
DA:77,4
DA:81,1
DA:82,3
DA:83,4
DA:91,1
DA:93,1
DA:98,1
DA:100,1
DA:101,1
DA:102,1
DA:103,4
DA:104,1
DA:108,1
DA:109,2
DA:110,4
DA:111,1
DA:121,1
DA:122,1
DA:124,1
DA:125,1
DA:127,4
DA:132,6
DA:138,1
DA:139,3
DA:140,2
DA:142,1
DA:144,1
DA:145,1
DA:146,1
DA:149,1
DA:150,1
DA:155,1
DA:156,1
DA:158,3
DA:161,1
DA:162,1
DA:163,4
DA:168,1
DA:169,3
DA:170,4
DA:171,1
DA:180,1
DA:181,1
DA:183,1
DA:184,1
DA:186,4
DA:191,6
DA:197,1
DA:198,3
DA:199,2
DA:201,1
DA:203,1
DA:204,1
DA:205,1
DA:208,1
DA:211,1
DA:212,1
DA:214,3
DA:217,1
DA:218,1
DA:219,4
DA:224,1
DA:225,3
DA:226,4
DA:227,1
DA:236,1
DA:237,1
DA:239,3
DA:240,2
DA:241,3
DA:248,1
DA:249,1
DA:251,3
DA:252,3
DA:253,5
DA:261,1
DA:262,1
DA:264,1
DA:266,1
DA:274,1
DA:276,1
DA:278,1
DA:280,1
DA:282,1
LF:107
LH:107
end_of_record
SF:lib\presentation\pages\tasks_page.dart
DA:13,0
DA:15,0
DA:16,0
DA:33,0
DA:35,0
DA:36,0
DA:37,0
DA:40,0
DA:42,0
DA:44,0
DA:45,0
DA:52,0
DA:53,0
DA:54,0
DA:55,0
DA:56,0
DA:57,0
DA:58,0
DA:61,0
DA:65,0
DA:67,0
DA:68,0
DA:80,0
DA:81,0
DA:84,0
DA:85,0
DA:87,0
DA:88,0
DA:91,0
DA:94,0
DA:98,0
DA:100,0
DA:102,0
DA:103,0
DA:108,0
DA:110,0
DA:111,0
DA:122,0
DA:123,0
DA:125,0
DA:126,0
DA:127,0
DA:128,0
DA:133,0
DA:134,0
DA:136,0
DA:137,0
DA:138,0
DA:141,0
DA:144,0
DA:145,0
DA:146,0
DA:148,0
DA:149,0
DA:152,0
DA:153,0
DA:154,0
DA:155,0
DA:159,0
DA:161,0
DA:163,0
DA:166,0
DA:170,0
DA:172,0
DA:173,0
DA:178,0
DA:179,0
DA:180,0
DA:181,0
DA:187,0
DA:189,0
DA:190,0
DA:191,0
DA:193,0
DA:194,0
DA:199,0
DA:200,0
DA:201,0
DA:202,0
DA:204,0
DA:209,0
DA:211,0
DA:213,0
DA:214,0
DA:216,0
DA:217,0
DA:218,0
DA:219,0
DA:221,0
DA:222,0
DA:225,0
DA:227,0
DA:241,0
DA:244,0
DA:246,0
DA:247,0
DA:250,0
DA:252,0
DA:254,0
DA:261,0
DA:263,0
DA:265,0
DA:271,0
DA:273,0
DA:274,0
DA:277,0
DA:278,0
DA:279,0
DA:288,0
DA:289,0
DA:291,0
DA:293,0
DA:294,0
DA:296,0
DA:297,0
DA:301,0
DA:303,0
DA:304,0
DA:305,0
DA:309,0
DA:310,0
DA:315,0
DA:316,0
DA:321,0
DA:322,0
DA:324,0
DA:326,0
DA:327,0
DA:328,0
DA:329,0
DA:335,0
DA:336,0
DA:339,0
DA:340,0
DA:344,0
DA:347,0
DA:354,0
DA:355,0
DA:357,0
DA:358,0
DA:359,0
DA:361,0
DA:362,0
DA:365,0
DA:366,0
DA:369,0
DA:372,0
DA:373,0
DA:375,0
DA:376,0
DA:378,0
DA:379,0
DA:381,0
DA:382,0
DA:383,0
DA:392,0
DA:393,0
DA:396,0
DA:397,0
DA:398,0
DA:399,0
DA:400,0
DA:402,0
DA:404,0
DA:405,0
DA:410,0
DA:412,0
DA:413,0
DA:414,0
DA:416,0
DA:418,0
DA:419,0
DA:420,0
DA:422,0
LF:174
LH:0
end_of_record
SF:lib\presentation\pages\lists\widgets\list_type_selector.dart
DA:14,1
DA:21,1
DA:23,2
DA:24,2
DA:25,1
DA:27,1
DA:29,1
DA:31,1
DA:32,1
DA:34,4
DA:39,1
DA:40,1
DA:49,1
DA:50,1
DA:51,1
DA:52,2
DA:54,1
DA:64,1
DA:65,1
DA:66,0
DA:67,1
DA:70,1
DA:72,2
DA:74,1
DA:76,1
DA:77,1
DA:80,1
DA:81,1
DA:82,1
DA:83,2
DA:89,1
DA:91,1
DA:93,1
DA:95,1
DA:97,1
DA:98,2
DA:101,1
DA:102,1
DA:103,1
DA:110,1
DA:111,1
DA:112,4
DA:114,1
DA:122,3
DA:124,1
DA:125,1
DA:126,4
DA:127,1
DA:142,1
DA:144,1
DA:146,1
DA:148,1
DA:150,1
DA:152,0
DA:154,0
DA:156,0
DA:162,1
DA:164,1
DA:166,1
DA:168,1
DA:170,1
DA:172,0
DA:174,0
DA:176,0
LF:64
LH:57
end_of_record
SF:lib\presentation\widgets\buttons\action_button.dart
DA:21,1
DA:30,1
DA:31,1
DA:40,1
DA:42,1
DA:43,2
DA:47,2
DA:50,2
DA:51,1
DA:54,2
DA:57,2
DA:58,1
DA:62,2
DA:63,2
DA:67,0
DA:69,0
DA:70,0
DA:71,0
DA:72,0
DA:74,0
DA:75,0
DA:80,1
DA:82,2
DA:83,1
DA:86,1
DA:88,1
DA:89,2
DA:90,1
DA:91,5
DA:92,3
DA:93,2
DA:94,3
DA:96,2
DA:97,1
DA:98,1
DA:99,1
DA:100,1
DA:101,4
DA:102,1
DA:103,6
DA:104,1
DA:107,1
DA:108,3
DA:109,1
DA:110,1
DA:111,3
DA:115,1
DA:116,2
DA:118,2
LF:49
LH:42
end_of_record
SF:lib\presentation\widgets\badges\habit_type_badge.dart
DA:10,1
DA:15,1
DA:17,2
DA:19,1
DA:24,1
DA:26,1
DA:27,1
DA:28,1
DA:29,1
DA:31,1
DA:32,1
DA:36,1
DA:38,1
DA:39,1
DA:45,1
DA:47,4
LF:16
LH:16
end_of_record
SF:lib\presentation\widgets\common\displays\common_badge.dart
DA:29,2
DA:40,1
DA:42,2
DA:43,2
DA:44,1
DA:45,1
DA:46,1
DA:48,1
DA:49,2
DA:50,1
DA:52,1
DA:56,1
DA:57,2
DA:58,1
DA:71,1
DA:72,1
DA:73,1
LF:17
LH:17
end_of_record
SF:lib\presentation\widgets\common\layouts\common_card.dart
DA:47,1
DA:60,1
DA:62,1
DA:63,1
DA:64,1
DA:65,1
DA:67,1
DA:68,1
DA:69,1
DA:70,1
DA:71,1
DA:72,1
DA:77,1
DA:78,1
DA:79,1
LF:15
LH:15
end_of_record
SF:lib\presentation\widgets\common\forms\common_dialog.dart
DA:31,2
DA:42,1
DA:44,1
DA:47,1
DA:48,1
DA:50,0
DA:52,0
DA:53,0
DA:54,0
DA:60,1
DA:61,1
DA:63,1
DA:64,1
DA:71,1
DA:72,2
DA:73,1
DA:75,1
DA:78,1
DA:79,1
DA:80,1
DA:82,1
DA:84,1
DA:89,1
DA:92,2
DA:105,1
DA:114,1
DA:115,1
DA:118,1
DA:121,1
DA:122,1
DA:125,1
DA:129,2
DA:137,1
DA:139,0
DA:142,0
DA:144,0
LF:36
LH:29
end_of_record
SF:lib\presentation\services\focus_management_service.dart
DA:7,3
DA:8,2
DA:9,1
DA:15,0
DA:16,0
DA:20,1
DA:21,3
DA:25,0
DA:26,0
DA:27,0
DA:32,0
DA:33,0
DA:37,0
DA:38,0
DA:42,0
DA:43,0
DA:44,0
DA:45,0
DA:46,0
DA:52,0
DA:56,0
DA:57,0
DA:63,0
DA:68,0
DA:70,0
DA:78,0
DA:84,0
DA:86,0
DA:87,0
DA:88,0
DA:89,0
DA:90,0
DA:91,0
DA:94,0
DA:104,0
DA:110,0
DA:111,0
DA:113,0
DA:115,0
DA:117,0
DA:124,0
DA:128,0
DA:129,0
DA:130,0
DA:131,0
DA:132,0
DA:133,0
DA:134,0
DA:135,0
DA:143,0
DA:144,0
DA:148,0
DA:153,0
DA:157,0
DA:164,0
DA:171,0
DA:174,0
DA:177,0
DA:181,0
DA:182,0
DA:183,0
DA:185,0
DA:186,0
DA:187,0
DA:189,0
DA:195,0
DA:203,0
DA:207,0
DA:210,0
DA:211,0
DA:214,0
DA:215,0
DA:216,0
DA:217,0
DA:218,0
DA:223,0
DA:230,0
DA:231,0
DA:232,0
DA:233,0
DA:239,0
DA:240,0
DA:241,0
DA:243,0
LF:84
LH:5
end_of_record
SF:lib\presentation\widgets\common\layouts\common_empty_state.dart
DA:59,2
DA:75,1
DA:77,1
DA:78,1
DA:79,1
DA:80,1
DA:81,1
DA:83,1
DA:85,2
DA:86,1
DA:87,1
DA:88,1
DA:89,2
DA:91,2
DA:95,1
DA:96,1
DA:97,1
DA:98,1
DA:100,2
DA:106,2
DA:107,3
DA:108,1
DA:109,1
DA:110,1
DA:111,2
DA:112,1
DA:119,3
DA:120,2
DA:121,1
DA:122,1
DA:123,1
LF:31
LH:31
end_of_record
SF:lib\presentation\widgets\common\layouts\common_list_tile.dart
DA:38,2
DA:52,1
DA:54,1
DA:55,1
DA:57,1
DA:58,2
DA:59,1
DA:61,1
DA:64,1
DA:66,1
DA:67,1
DA:69,1
DA:71,1
DA:72,2
DA:73,1
DA:76,1
DA:77,1
DA:80,1
DA:81,1
DA:82,1
DA:83,1
DA:89,2
DA:91,1
DA:92,1
DA:93,1
DA:102,2
DA:104,1
LF:27
LH:27
end_of_record
SF:lib\presentation\widgets\common\displays\common_metric_display.dart
DA:64,2
DA:81,1
DA:83,1
DA:84,1
DA:85,1
DA:86,1
DA:87,2
DA:88,2
DA:89,1
DA:90,1
DA:91,1
DA:93,1
DA:95,2
DA:96,1
DA:98,1
DA:99,1
DA:103,1
DA:106,1
DA:108,2
DA:109,1
DA:110,1
DA:114,1
DA:118,1
DA:119,1
DA:120,1
DA:129,1
DA:130,1
DA:131,1
LF:28
LH:28
end_of_record
SF:lib\presentation\widgets\common\displays\common_progress_bar.dart
DA:32,2
DA:44,1
DA:46,1
DA:47,4
DA:48,1
DA:49,1
DA:50,1
DA:52,1
DA:53,1
DA:54,1
DA:56,1
DA:57,2
DA:58,1
DA:59,1
DA:68,1
DA:70,1
DA:71,1
DA:72,1
DA:74,1
DA:76,1
DA:77,1
DA:80,1
DA:81,1
DA:82,1
DA:85,1
DA:86,1
DA:97,2
DA:99,1
DA:100,3
LF:29
LH:29
end_of_record
SF:lib\presentation\widgets\common\layouts\common_section_header.dart
DA:43,1
DA:55,1
DA:57,1
DA:58,1
DA:60,2
DA:61,1
DA:62,1
DA:63,1
DA:64,1
DA:66,2
DA:70,1
DA:71,1
DA:73,1
DA:74,1
DA:75,1
DA:76,1
DA:77,1
DA:79,1
DA:82,2
DA:83,3
DA:84,1
DA:85,1
DA:86,1
DA:87,2
DA:88,1
DA:97,3
DA:98,2
DA:99,1
DA:100,1
DA:101,1
DA:102,1
DA:103,1
LF:32
LH:32
end_of_record
SF:lib\presentation\widgets\habit_footer.dart
DA:10,1
DA:16,1
DA:17,2
DA:19,2
DA:20,1
DA:21,2
DA:22,2
DA:24,1
DA:25,2
DA:26,1
DA:27,1
DA:28,4
DA:31,0
DA:32,0
DA:33,0
DA:35,0
DA:36,0
DA:37,0
DA:40,0
DA:43,0
DA:44,0
DA:45,0
DA:47,0
DA:50,0
DA:51,0
DA:52,0
DA:53,0
DA:56,0
DA:57,0
DA:58,0
DA:60,0
DA:61,0
DA:62,0
DA:64,0
DA:67,0
DA:72,1
DA:74,1
DA:75,1
DA:77,4
DA:78,1
DA:83,1
DA:84,1
DA:85,1
DA:87,1
DA:88,2
DA:89,4
DA:96,1
DA:99,1
DA:104,1
DA:105,1
DA:106,1
DA:108,1
DA:110,1
DA:111,1
DA:117,1
DA:118,1
DA:119,4
LF:57
LH:34
end_of_record
SF:lib\presentation\widgets\selectors\language_selector.dart
DA:8,1
DA:10,1
DA:12,2
DA:13,2
DA:14,2
DA:16,1
DA:19,1
DA:21,1
DA:24,1
DA:25,1
DA:26,1
DA:29,1
DA:30,1
DA:31,4
DA:38,3
DA:51,1
DA:58,4
DA:60,1
DA:61,1
DA:62,2
DA:63,5
DA:65,1
DA:66,2
DA:67,1
DA:68,1
DA:69,3
DA:76,1
DA:77,1
DA:80,1
DA:81,1
DA:83,4
DA:86,1
DA:87,3
DA:90,1
DA:91,3
DA:95,1
DA:96,1
DA:97,1
DA:98,1
DA:102,1
DA:103,1
DA:104,1
DA:105,4
DA:108,3
DA:114,1
DA:116,3
DA:128,1
DA:130,1
DA:132,2
DA:133,2
DA:134,2
DA:136,1
DA:137,5
DA:138,0
DA:141,1
DA:143,2
DA:144,4
DA:146,2
DA:150,1
DA:155,2
DA:156,2
DA:158,1
DA:160,2
DA:161,2
DA:162,1
DA:164,1
DA:166,2
DA:167,4
DA:169,1
DA:170,1
DA:171,1
DA:174,2
DA:176,1
DA:178,3
DA:181,1
DA:182,2
DA:183,5
DA:185,1
DA:186,2
DA:187,2
DA:188,1
DA:189,1
DA:190,3
DA:198,1
DA:201,1
DA:202,1
DA:203,3
DA:204,2
LF:88
LH:87
end_of_record
SF:lib\presentation\widgets\progress\habit_progress_bar.dart
DA:16,1
DA:24,1
DA:25,3
DA:26,2
DA:28,5
DA:29,1
DA:30,4
DA:35,1
DA:36,1
DA:37,1
DA:38,1
DA:39,1
DA:44,1
DA:45,3
DA:46,2
DA:48,1
DA:49,2
DA:50,2
DA:51,1
DA:55,1
DA:57,1
DA:59,1
DA:60,1
DA:62,1
DA:63,1
DA:65,3
DA:67,1
DA:68,1
DA:69,4
DA:70,1
DA:77,1
DA:78,1
DA:79,1
DA:80,1
DA:82,1
DA:83,1
DA:84,1
DA:86,1
DA:88,2
DA:89,1
DA:90,1
DA:92,1
DA:93,1
DA:94,1
DA:95,1
DA:96,2
LF:46
LH:46
end_of_record
